::1 - - [11/Jul/2021:06:01:18 +0000] "GET /category?type=outcome HTTP/1.1" 200 862 "http://localhost:3000/" "Mozilla/5.0 (iPhone; CPU iPhone OS 13_2_3 like Mac OS X) AppleWebKit/605.1.15 (KHTML, like Gecko) Version/13.0.3 Mobile/15E148 Safari/604.1"
::1 - - [11/Jul/2021:06:03:09 +0000] "GET /category?type=outcome HTTP/1.1" 200 862 "http://localhost:3000/" "Mozilla/5.0 (iPhone; CPU iPhone OS 13_2_3 like Mac OS X) AppleWebKit/605.1.15 (KHTML, like Gecko) Version/13.0.3 Mobile/15E148 Safari/604.1"
::1 - - [11/Jul/2021:06:03:10 +0000] "GET /icons HTTP/1.1" 200 329 "http://localhost:3000/" "Mozilla/5.0 (iPhone; CPU iPhone OS 13_2_3 like Mac OS X) AppleWebKit/605.1.15 (KHTML, like Gecko) Version/13.0.3 Mobile/15E148 Safari/604.1"
::1 - - [11/Jul/2021:06:03:19 +0000] "POST /category HTTP/1.1" 200 53 "http://localhost:3000/" "Mozilla/5.0 (iPhone; CPU iPhone OS 13_2_3 like Mac OS X) AppleWebKit/605.1.15 (KHTML, like Gecko) Version/13.0.3 Mobile/15E148 Safari/604.1"
::1 - - [11/Jul/2021:06:03:19 +0000] "GET /category?type=outcome HTTP/1.1" 200 862 "http://localhost:3000/" "Mozilla/5.0 (iPhone; CPU iPhone OS 13_2_3 like Mac OS X) AppleWebKit/605.1.15 (KHTML, like Gecko) Version/13.0.3 Mobile/15E148 Safari/604.1"
::1 - - [11/Jul/2021:06:05:08 +0000] "GET /icons HTTP/1.1" 200 329 "http://localhost:3000/" "Mozilla/5.0 (iPhone; CPU iPhone OS 13_2_3 like Mac OS X) AppleWebKit/605.1.15 (KHTML, like Gecko) Version/13.0.3 Mobile/15E148 Safari/604.1"
::1 - - [11/Jul/2021:06:05:57 +0000] "GET /icons HTTP/1.1" 200 329 "http://localhost:3000/" "Mozilla/5.0 (iPhone; CPU iPhone OS 13_2_3 like Mac OS X) AppleWebKit/605.1.15 (KHTML, like Gecko) Version/13.0.3 Mobile/15E148 Safari/604.1"
::1 - - [11/Jul/2021:06:06:02 +0000] "POST /category HTTP/1.1" 200 56 "http://localhost:3000/" "Mozilla/5.0 (iPhone; CPU iPhone OS 13_2_3 like Mac OS X) AppleWebKit/605.1.15 (KHTML, like Gecko) Version/13.0.3 Mobile/15E148 Safari/604.1"
::1 - - [11/Jul/2021:06:23:30 +0000] "POST /users/register HTTP/1.1" 404 9 "-" "PostmanRuntime/7.26.8"
::1 - - [11/Jul/2021:06:23:49 +0000] "POST /user/register HTTP/1.1" 200 47 "-" "PostmanRuntime/7.26.8"
::1 - - [11/Jul/2021:06:35:40 +0000] "POST /user/register HTTP/1.1" 200 59 "-" "PostmanRuntime/7.26.8"
::1 - - [11/Jul/2021:06:42:25 +0000] "POST /user/register HTTP/1.1" 200 59 "-" "PostmanRuntime/7.26.8"
::1 - - [11/Jul/2021:06:43:03 +0000] "POST /user/register HTTP/1.1" 200 59 "-" "PostmanRuntime/7.26.8"
::1 - - [11/Jul/2021:06:43:19 +0000] "POST /user/register HTTP/1.1" 200 47 "-" "PostmanRuntime/7.26.8"
::1 - - [11/Jul/2021:06:43:26 +0000] "POST /user/register HTTP/1.1" 200 59 "-" "PostmanRuntime/7.26.8"
::1 - - [11/Jul/2021:06:43:54 +0000] "POST /user/register HTTP/1.1" 200 82 "-" "PostmanRuntime/7.26.8"
::1 - - [11/Jul/2021:06:46:04 +0000] "POST /user/register HTTP/1.1" 200 47 "-" "PostmanRuntime/7.26.8"
::1 - - [11/Jul/2021:06:50:06 +0000] "POST /user/register HTTP/1.1" 200 59 "-" "PostmanRuntime/7.26.8"
::1 - - [11/Jul/2021:06:50:31 +0000] "POST /user/register HTTP/1.1" 200 59 "-" "PostmanRuntime/7.26.8"
::1 - - [11/Jul/2021:06:50:45 +0000] "POST /user/register HTTP/1.1" 200 47 "-" "PostmanRuntime/7.26.8"
::1 - - [11/Jul/2021:06:51:24 +0000] "POST /user/register HTTP/1.1" 200 59 "-" "PostmanRuntime/7.26.8"
::1 - - [11/Jul/2021:06:52:27 +0000] "POST /user/register HTTP/1.1" 200 59 "-" "PostmanRuntime/7.26.8"
::1 - - [11/Jul/2021:06:53:11 +0000] "POST /user/register HTTP/1.1" 200 59 "-" "PostmanRuntime/7.26.8"
::1 - - [11/Jul/2021:06:53:56 +0000] "POST /user/register HTTP/1.1" 200 72 "-" "PostmanRuntime/7.26.8"
::1 - - [11/Jul/2021:06:54:00 +0000] "POST /user/register HTTP/1.1" 200 72 "-" "PostmanRuntime/7.26.8"
::1 - - [11/Jul/2021:06:54:10 +0000] "POST /user/register HTTP/1.1" 200 59 "-" "PostmanRuntime/7.26.8"
::1 - - [11/Jul/2021:07:00:25 +0000] "POST /user/register HTTP/1.1" 200 47 "-" "PostmanRuntime/7.26.8"
::1 - - [11/Jul/2021:07:01:01 +0000] "POST /user/register HTTP/1.1" 200 59 "-" "PostmanRuntime/7.26.8"
::1 - - [11/Jul/2021:07:06:39 +0000] "POST /user/login HTTP/1.1" 404 9 "-" "PostmanRuntime/7.26.8"
::1 - - [11/Jul/2021:07:07:27 +0000] "POST /user/login HTTP/1.1" 200 47 "-" "PostmanRuntime/7.26.8"
::1 - - [11/Jul/2021:07:07:30 +0000] "POST /user/login HTTP/1.1" 200 56 "-" "PostmanRuntime/7.26.8"
::1 - - [11/Jul/2021:07:07:36 +0000] "POST /user/login HTTP/1.1" 200 72 "-" "PostmanRuntime/7.26.8"
::1 - - [11/Jul/2021:07:07:45 +0000] "POST /user/login HTTP/1.1" 200 50 "-" "PostmanRuntime/7.26.8"
::1 - - [11/Jul/2021:07:07:49 +0000] "POST /user/login HTTP/1.1" 200 47 "-" "PostmanRuntime/7.26.8"
::1 - - [11/Jul/2021:07:22:27 +0000] "POST /user/login HTTP/1.1" 200 374 "-" "PostmanRuntime/7.26.8"
::1 - - [11/Jul/2021:12:38:49 +0000] "POST /user/login HTTP/1.1" 200 72 "http://localhost:3000/" "Mozilla/5.0 (iPhone; CPU iPhone OS 13_2_3 like Mac OS X) AppleWebKit/605.1.15 (KHTML, like Gecko) Version/13.0.3 Mobile/15E148 Safari/604.1"
::1 - - [11/Jul/2021:12:38:55 +0000] "POST /user/login HTTP/1.1" 200 50 "http://localhost:3000/" "Mozilla/5.0 (iPhone; CPU iPhone OS 13_2_3 like Mac OS X) AppleWebKit/605.1.15 (KHTML, like Gecko) Version/13.0.3 Mobile/15E148 Safari/604.1"
::1 - - [11/Jul/2021:12:41:03 +0000] "POST /user/login HTTP/1.1" 200 50 "http://localhost:3000/" "Mozilla/5.0 (iPhone; CPU iPhone OS 13_2_3 like Mac OS X) AppleWebKit/605.1.15 (KHTML, like Gecko) Version/13.0.3 Mobile/15E148 Safari/604.1"
::1 - - [11/Jul/2021:12:41:37 +0000] "POST /user/login HTTP/1.1" 200 374 "http://localhost:3000/" "Mozilla/5.0 (iPhone; CPU iPhone OS 13_2_3 like Mac OS X) AppleWebKit/605.1.15 (KHTML, like Gecko) Version/13.0.3 Mobile/15E148 Safari/604.1"
::1 - - [11/Jul/2021:12:41:37 +0000] "GET /category?type=outcome HTTP/1.1" 200 862 "http://localhost:3000/" "Mozilla/5.0 (iPhone; CPU iPhone OS 13_2_3 like Mac OS X) AppleWebKit/605.1.15 (KHTML, like Gecko) Version/13.0.3 Mobile/15E148 Safari/604.1"
::1 - - [11/Jul/2021:12:42:17 +0000] "GET /accounts?date=2021-07 HTTP/1.1" 200 1138 "http://localhost:3000/" "Mozilla/5.0 (iPhone; CPU iPhone OS 13_2_3 like Mac OS X) AppleWebKit/605.1.15 (KHTML, like Gecko) Version/13.0.3 Mobile/15E148 Safari/604.1"
::1 - - [11/Jul/2021:12:43:13 +0000] "GET /accounts?date=2021-07 HTTP/1.1" 200 1138 "http://localhost:3000/" "Mozilla/5.0 (iPhone; CPU iPhone OS 13_2_3 like Mac OS X) AppleWebKit/605.1.15 (KHTML, like Gecko) Version/13.0.3 Mobile/15E148 Safari/604.1"
::1 - - [11/Jul/2021:12:43:41 +0000] "GET /accounts/charts?date=2021-07&type=outcome HTTP/1.1" 200 716 "http://localhost:3000/" "Mozilla/5.0 (iPhone; CPU iPhone OS 13_2_3 like Mac OS X) AppleWebKit/605.1.15 (KHTML, like Gecko) Version/13.0.3 Mobile/15E148 Safari/604.1"
::1 - - [11/Jul/2021:12:43:41 +0000] "GET /accounts/total?date=2021-07 HTTP/1.1" 200 103 "http://localhost:3000/" "Mozilla/5.0 (iPhone; CPU iPhone OS 13_2_3 like Mac OS X) AppleWebKit/605.1.15 (KHTML, like Gecko) Version/13.0.3 Mobile/15E148 Safari/604.1"
::1 - - [11/Jul/2021:12:43:43 +0000] "GET /category?type=outcome HTTP/1.1" 200 862 "http://localhost:3000/" "Mozilla/5.0 (iPhone; CPU iPhone OS 13_2_3 like Mac OS X) AppleWebKit/605.1.15 (KHTML, like Gecko) Version/13.0.3 Mobile/15E148 Safari/604.1"
::1 - - [11/Jul/2021:12:44:36 +0000] "GET /accounts?date=2021-07 HTTP/1.1" 200 1138 "http://localhost:3000/" "Mozilla/5.0 (iPhone; CPU iPhone OS 13_2_3 like Mac OS X) AppleWebKit/605.1.15 (KHTML, like Gecko) Version/13.0.3 Mobile/15E148 Safari/604.1"
::1 - - [11/Jul/2021:12:44:38 +0000] "GET /category?type=outcome HTTP/1.1" 200 862 "http://localhost:3000/" "Mozilla/5.0 (iPhone; CPU iPhone OS 13_2_3 like Mac OS X) AppleWebKit/605.1.15 (KHTML, like Gecko) Version/13.0.3 Mobile/15E148 Safari/604.1"
::1 - - [11/Jul/2021:12:44:40 +0000] "GET /accounts?date=2021-07 HTTP/1.1" 200 1138 "http://localhost:3000/" "Mozilla/5.0 (iPhone; CPU iPhone OS 13_2_3 like Mac OS X) AppleWebKit/605.1.15 (KHTML, like Gecko) Version/13.0.3 Mobile/15E148 Safari/604.1"
::1 - - [11/Jul/2021:12:44:46 +0000] "GET /accounts/charts?date=2021-07&type=outcome HTTP/1.1" 200 716 "http://localhost:3000/" "Mozilla/5.0 (iPhone; CPU iPhone OS 13_2_3 like Mac OS X) AppleWebKit/605.1.15 (KHTML, like Gecko) Version/13.0.3 Mobile/15E148 Safari/604.1"
::1 - - [11/Jul/2021:12:44:46 +0000] "GET /accounts/total?date=2021-07 HTTP/1.1" 200 103 "http://localhost:3000/" "Mozilla/5.0 (iPhone; CPU iPhone OS 13_2_3 like Mac OS X) AppleWebKit/605.1.15 (KHTML, like Gecko) Version/13.0.3 Mobile/15E148 Safari/604.1"
::1 - - [11/Jul/2021:12:44:53 +0000] "GET /accounts?date=2021-07 HTTP/1.1" 200 1138 "http://localhost:3000/" "Mozilla/5.0 (iPhone; CPU iPhone OS 13_2_3 like Mac OS X) AppleWebKit/605.1.15 (KHTML, like Gecko) Version/13.0.3 Mobile/15E148 Safari/604.1"
::1 - - [11/Jul/2021:12:49:10 +0000] "GET /accounts?date=2021-07 HTTP/1.1" 200 1138 "http://localhost:3000/" "Mozilla/5.0 (iPhone; CPU iPhone OS 13_2_3 like Mac OS X) AppleWebKit/605.1.15 (KHTML, like Gecko) Version/13.0.3 Mobile/15E148 Safari/604.1"
::1 - - [11/Jul/2021:12:56:47 +0000] "GET /accounts?date=2021-07 HTTP/1.1" 200 1138 "http://localhost:3000/" "Mozilla/5.0 (iPhone; CPU iPhone OS 13_2_3 like Mac OS X) AppleWebKit/605.1.15 (KHTML, like Gecko) Version/13.0.3 Mobile/15E148 Safari/604.1"
::1 - - [11/Jul/2021:12:56:52 +0000] "GET /accounts/charts?date=2021-07&type=outcome HTTP/1.1" 200 716 "http://localhost:3000/" "Mozilla/5.0 (iPhone; CPU iPhone OS 13_2_3 like Mac OS X) AppleWebKit/605.1.15 (KHTML, like Gecko) Version/13.0.3 Mobile/15E148 Safari/604.1"
::1 - - [11/Jul/2021:12:56:52 +0000] "GET /accounts/total?date=2021-07 HTTP/1.1" 200 103 "http://localhost:3000/" "Mozilla/5.0 (iPhone; CPU iPhone OS 13_2_3 like Mac OS X) AppleWebKit/605.1.15 (KHTML, like Gecko) Version/13.0.3 Mobile/15E148 Safari/604.1"
::1 - - [11/Jul/2021:12:57:26 +0000] "GET /accounts/charts?date=2021-07&type=outcome HTTP/1.1" 200 716 "http://localhost:3000/" "Mozilla/5.0 (iPhone; CPU iPhone OS 13_2_3 like Mac OS X) AppleWebKit/605.1.15 (KHTML, like Gecko) Version/13.0.3 Mobile/15E148 Safari/604.1"
::1 - - [11/Jul/2021:12:57:26 +0000] "GET /accounts/total?date=2021-07 HTTP/1.1" 200 103 "http://localhost:3000/" "Mozilla/5.0 (iPhone; CPU iPhone OS 13_2_3 like Mac OS X) AppleWebKit/605.1.15 (KHTML, like Gecko) Version/13.0.3 Mobile/15E148 Safari/604.1"
::1 - - [11/Jul/2021:12:57:32 +0000] "GET /accounts?date=2021-07 HTTP/1.1" 200 1138 "http://localhost:3000/" "Mozilla/5.0 (iPhone; CPU iPhone OS 13_2_3 like Mac OS X) AppleWebKit/605.1.15 (KHTML, like Gecko) Version/13.0.3 Mobile/15E148 Safari/604.1"
::1 - - [11/Jul/2021:12:58:12 +0000] "GET /accounts?date=2021-07 HTTP/1.1" 200 1138 "http://localhost:3000/" "Mozilla/5.0 (iPhone; CPU iPhone OS 13_2_3 like Mac OS X) AppleWebKit/605.1.15 (KHTML, like Gecko) Version/13.0.3 Mobile/15E148 Safari/604.1"
::1 - - [11/Jul/2021:12:58:14 +0000] "GET /accounts/charts?date=2021-07&type=outcome HTTP/1.1" 200 716 "http://localhost:3000/" "Mozilla/5.0 (iPhone; CPU iPhone OS 13_2_3 like Mac OS X) AppleWebKit/605.1.15 (KHTML, like Gecko) Version/13.0.3 Mobile/15E148 Safari/604.1"
::1 - - [11/Jul/2021:12:58:14 +0000] "GET /accounts/total?date=2021-07 HTTP/1.1" 200 103 "http://localhost:3000/" "Mozilla/5.0 (iPhone; CPU iPhone OS 13_2_3 like Mac OS X) AppleWebKit/605.1.15 (KHTML, like Gecko) Version/13.0.3 Mobile/15E148 Safari/604.1"
::1 - - [11/Jul/2021:12:58:16 +0000] "GET /category?type=outcome HTTP/1.1" 200 862 "http://localhost:3000/" "Mozilla/5.0 (iPhone; CPU iPhone OS 13_2_3 like Mac OS X) AppleWebKit/605.1.15 (KHTML, like Gecko) Version/13.0.3 Mobile/15E148 Safari/604.1"
::1 - - [11/Jul/2021:12:58:18 +0000] "GET /accounts?date=2021-07 HTTP/1.1" 200 1138 "http://localhost:3000/" "Mozilla/5.0 (iPhone; CPU iPhone OS 13_2_3 like Mac OS X) AppleWebKit/605.1.15 (KHTML, like Gecko) Version/13.0.3 Mobile/15E148 Safari/604.1"
::1 - - [11/Jul/2021:12:58:21 +0000] "GET /accounts/charts?date=2021-07&type=outcome HTTP/1.1" 200 716 "http://localhost:3000/" "Mozilla/5.0 (iPhone; CPU iPhone OS 13_2_3 like Mac OS X) AppleWebKit/605.1.15 (KHTML, like Gecko) Version/13.0.3 Mobile/15E148 Safari/604.1"
::1 - - [11/Jul/2021:12:58:21 +0000] "GET /accounts/total?date=2021-07 HTTP/1.1" 200 103 "http://localhost:3000/" "Mozilla/5.0 (iPhone; CPU iPhone OS 13_2_3 like Mac OS X) AppleWebKit/605.1.15 (KHTML, like Gecko) Version/13.0.3 Mobile/15E148 Safari/604.1"
::1 - - [11/Jul/2021:13:02:35 +0000] "GET /accounts?date=2021-07 HTTP/1.1" 200 1138 "http://localhost:3000/" "Mozilla/5.0 (iPhone; CPU iPhone OS 13_2_3 like Mac OS X) AppleWebKit/605.1.15 (KHTML, like Gecko) Version/13.0.3 Mobile/15E148 Safari/604.1"
::1 - - [11/Jul/2021:13:04:00 +0000] "GET /accounts?date=2021-07 HTTP/1.1" 200 1138 "http://localhost:3000/" "Mozilla/5.0 (iPhone; CPU iPhone OS 13_2_3 like Mac OS X) AppleWebKit/605.1.15 (KHTML, like Gecko) Version/13.0.3 Mobile/15E148 Safari/604.1"
::1 - - [11/Jul/2021:13:04:02 +0000] "GET /accounts/charts?date=2021-07&type=outcome HTTP/1.1" 200 716 "http://localhost:3000/" "Mozilla/5.0 (iPhone; CPU iPhone OS 13_2_3 like Mac OS X) AppleWebKit/605.1.15 (KHTML, like Gecko) Version/13.0.3 Mobile/15E148 Safari/604.1"
::1 - - [11/Jul/2021:13:04:02 +0000] "GET /accounts/total?date=2021-07 HTTP/1.1" 200 103 "http://localhost:3000/" "Mozilla/5.0 (iPhone; CPU iPhone OS 13_2_3 like Mac OS X) AppleWebKit/605.1.15 (KHTML, like Gecko) Version/13.0.3 Mobile/15E148 Safari/604.1"
::1 - - [11/Jul/2021:13:04:03 +0000] "GET /accounts?date=2021-07 HTTP/1.1" 200 1138 "http://localhost:3000/" "Mozilla/5.0 (iPhone; CPU iPhone OS 13_2_3 like Mac OS X) AppleWebKit/605.1.15 (KHTML, like Gecko) Version/13.0.3 Mobile/15E148 Safari/604.1"
::1 - - [11/Jul/2021:13:04:04 +0000] "GET /category?type=outcome HTTP/1.1" 200 862 "http://localhost:3000/" "Mozilla/5.0 (iPhone; CPU iPhone OS 13_2_3 like Mac OS X) AppleWebKit/605.1.15 (KHTML, like Gecko) Version/13.0.3 Mobile/15E148 Safari/604.1"
::1 - - [11/Jul/2021:13:06:00 +0000] "GET /accounts?date=2021-07 HTTP/1.1" 200 1138 "http://localhost:3000/" "Mozilla/5.0 (iPhone; CPU iPhone OS 13_2_3 like Mac OS X) AppleWebKit/605.1.15 (KHTML, like Gecko) Version/13.0.3 Mobile/15E148 Safari/604.1"
::1 - - [11/Jul/2021:13:06:10 +0000] "GET /accounts?date=2021-07 HTTP/1.1" 200 1138 "http://localhost:3000/" "Mozilla/5.0 (iPhone; CPU iPhone OS 13_2_3 like Mac OS X) AppleWebKit/605.1.15 (KHTML, like Gecko) Version/13.0.3 Mobile/15E148 Safari/604.1"
::1 - - [11/Jul/2021:13:06:11 +0000] "GET /category?type=outcome HTTP/1.1" 200 862 "http://localhost:3000/" "Mozilla/5.0 (iPhone; CPU iPhone OS 13_2_3 like Mac OS X) AppleWebKit/605.1.15 (KHTML, like Gecko) Version/13.0.3 Mobile/15E148 Safari/604.1"
::1 - - [11/Jul/2021:13:06:12 +0000] "GET /accounts/charts?date=2021-07&type=outcome HTTP/1.1" 200 716 "http://localhost:3000/" "Mozilla/5.0 (iPhone; CPU iPhone OS 13_2_3 like Mac OS X) AppleWebKit/605.1.15 (KHTML, like Gecko) Version/13.0.3 Mobile/15E148 Safari/604.1"
::1 - - [11/Jul/2021:13:06:12 +0000] "GET /accounts/total?date=2021-07 HTTP/1.1" 200 103 "http://localhost:3000/" "Mozilla/5.0 (iPhone; CPU iPhone OS 13_2_3 like Mac OS X) AppleWebKit/605.1.15 (KHTML, like Gecko) Version/13.0.3 Mobile/15E148 Safari/604.1"
::1 - - [11/Jul/2021:13:12:04 +0000] "POST /user/register HTTP/1.1" 200 59 "http://localhost:3000/" "Mozilla/5.0 (iPhone; CPU iPhone OS 13_2_3 like Mac OS X) AppleWebKit/605.1.15 (KHTML, like Gecko) Version/13.0.3 Mobile/15E148 Safari/604.1"
::1 - - [11/Jul/2021:13:12:09 +0000] "POST /user/register HTTP/1.1" 200 47 "http://localhost:3000/" "Mozilla/5.0 (iPhone; CPU iPhone OS 13_2_3 like Mac OS X) AppleWebKit/605.1.15 (KHTML, like Gecko) Version/13.0.3 Mobile/15E148 Safari/604.1"
::1 - - [11/Jul/2021:13:31:29 +0000] "GET /accounts?date=2021-07 HTTP/1.1" 200 1138 "http://localhost:3000/" "Mozilla/5.0 (iPhone; CPU iPhone OS 13_2_3 like Mac OS X) AppleWebKit/605.1.15 (KHTML, like Gecko) Version/13.0.3 Mobile/15E148 Safari/604.1"
::1 - - [11/Jul/2021:13:31:44 +0000] "POST /user/login HTTP/1.1" 200 374 "http://localhost:3000/" "Mozilla/5.0 (iPhone; CPU iPhone OS 13_2_3 like Mac OS X) AppleWebKit/605.1.15 (KHTML, like Gecko) Version/13.0.3 Mobile/15E148 Safari/604.1"
::1 - - [11/Jul/2021:13:31:44 +0000] "GET /category?type=outcome HTTP/1.1" 200 862 "http://localhost:3000/" "Mozilla/5.0 (iPhone; CPU iPhone OS 13_2_3 like Mac OS X) AppleWebKit/605.1.15 (KHTML, like Gecko) Version/13.0.3 Mobile/15E148 Safari/604.1"
::1 - - [11/Jul/2021:13:31:49 +0000] "GET /accounts?date=2021-07 HTTP/1.1" 200 1138 "http://localhost:3000/" "Mozilla/5.0 (iPhone; CPU iPhone OS 13_2_3 like Mac OS X) AppleWebKit/605.1.15 (KHTML, like Gecko) Version/13.0.3 Mobile/15E148 Safari/604.1"
::1 - - [11/Jul/2021:13:31:51 +0000] "GET /accounts/charts?date=2021-07&type=outcome HTTP/1.1" 200 716 "http://localhost:3000/" "Mozilla/5.0 (iPhone; CPU iPhone OS 13_2_3 like Mac OS X) AppleWebKit/605.1.15 (KHTML, like Gecko) Version/13.0.3 Mobile/15E148 Safari/604.1"
::1 - - [11/Jul/2021:13:31:51 +0000] "GET /accounts/total?date=2021-07 HTTP/1.1" 200 103 "http://localhost:3000/" "Mozilla/5.0 (iPhone; CPU iPhone OS 13_2_3 like Mac OS X) AppleWebKit/605.1.15 (KHTML, like Gecko) Version/13.0.3 Mobile/15E148 Safari/604.1"
::1 - - [11/Jul/2021:13:32:36 +0000] "GET /accounts/charts?date=2021-07&type=outcome HTTP/1.1" 200 716 "http://localhost:3000/" "Mozilla/5.0 (iPhone; CPU iPhone OS 13_2_3 like Mac OS X) AppleWebKit/605.1.15 (KHTML, like Gecko) Version/13.0.3 Mobile/15E148 Safari/604.1"
::1 - - [11/Jul/2021:13:32:36 +0000] "GET /accounts/total?date=2021-07 HTTP/1.1" 200 103 "http://localhost:3000/" "Mozilla/5.0 (iPhone; CPU iPhone OS 13_2_3 like Mac OS X) AppleWebKit/605.1.15 (KHTML, like Gecko) Version/13.0.3 Mobile/15E148 Safari/604.1"
::1 - - [11/Jul/2021:13:32:40 +0000] "GET /category?type=outcome HTTP/1.1" 200 862 "http://localhost:3000/" "Mozilla/5.0 (iPhone; CPU iPhone OS 13_2_3 like Mac OS X) AppleWebKit/605.1.15 (KHTML, like Gecko) Version/13.0.3 Mobile/15E148 Safari/604.1"
::1 - - [11/Jul/2021:13:40:12 +0000] "GET /category?type=outcome HTTP/1.1" 200 862 "http://localhost:3000/" "Mozilla/5.0 (iPhone; CPU iPhone OS 13_2_3 like Mac OS X) AppleWebKit/605.1.15 (KHTML, like Gecko) Version/13.0.3 Mobile/15E148 Safari/604.1"
::1 - - [11/Jul/2021:13:45:37 +0000] "GET /category?type=income HTTP/1.1" 200 610 "http://localhost:3000/" "Mozilla/5.0 (iPhone; CPU iPhone OS 13_2_3 like Mac OS X) AppleWebKit/605.1.15 (KHTML, like Gecko) Version/13.0.3 Mobile/15E148 Safari/604.1"
::1 - - [11/Jul/2021:13:45:41 +0000] "GET /category?type=outcome HTTP/1.1" 200 862 "http://localhost:3000/" "Mozilla/5.0 (iPhone; CPU iPhone OS 13_2_3 like Mac OS X) AppleWebKit/605.1.15 (KHTML, like Gecko) Version/13.0.3 Mobile/15E148 Safari/604.1"
::1 - - [11/Jul/2021:13:48:29 +0000] "GET /category?type=income HTTP/1.1" 200 610 "http://localhost:3000/" "Mozilla/5.0 (iPhone; CPU iPhone OS 13_2_3 like Mac OS X) AppleWebKit/605.1.15 (KHTML, like Gecko) Version/13.0.3 Mobile/15E148 Safari/604.1"
::1 - - [11/Jul/2021:13:49:18 +0000] "GET /category?type=outcome HTTP/1.1" 200 862 "http://localhost:3000/" "Mozilla/5.0 (iPhone; CPU iPhone OS 13_2_3 like Mac OS X) AppleWebKit/605.1.15 (KHTML, like Gecko) Version/13.0.3 Mobile/15E148 Safari/604.1"
::1 - - [11/Jul/2021:13:49:27 +0000] "GET /category?type=income HTTP/1.1" 200 610 "http://localhost:3000/" "Mozilla/5.0 (iPhone; CPU iPhone OS 13_2_3 like Mac OS X) AppleWebKit/605.1.15 (KHTML, like Gecko) Version/13.0.3 Mobile/15E148 Safari/604.1"
::1 - - [11/Jul/2021:13:49:44 +0000] "GET /category?type=outcome HTTP/1.1" 200 862 "http://localhost:3000/" "Mozilla/5.0 (iPhone; CPU iPhone OS 13_2_3 like Mac OS X) AppleWebKit/605.1.15 (KHTML, like Gecko) Version/13.0.3 Mobile/15E148 Safari/604.1"
::1 - - [11/Jul/2021:13:49:46 +0000] "GET /category?type=income HTTP/1.1" 200 610 "http://localhost:3000/" "Mozilla/5.0 (iPhone; CPU iPhone OS 13_2_3 like Mac OS X) AppleWebKit/605.1.15 (KHTML, like Gecko) Version/13.0.3 Mobile/15E148 Safari/604.1"
::1 - - [11/Jul/2021:13:51:30 +0000] "GET /category?type=outcome HTTP/1.1" 200 862 "http://localhost:3000/" "Mozilla/5.0 (iPhone; CPU iPhone OS 13_2_3 like Mac OS X) AppleWebKit/605.1.15 (KHTML, like Gecko) Version/13.0.3 Mobile/15E148 Safari/604.1"
::1 - - [11/Jul/2021:13:52:36 +0000] "GET /category?type=income HTTP/1.1" 200 610 "http://localhost:3000/" "Mozilla/5.0 (iPhone; CPU iPhone OS 13_2_3 like Mac OS X) AppleWebKit/605.1.15 (KHTML, like Gecko) Version/13.0.3 Mobile/15E148 Safari/604.1"
::1 - - [11/Jul/2021:13:52:37 +0000] "GET /category?type=outcome HTTP/1.1" 200 862 "http://localhost:3000/" "Mozilla/5.0 (iPhone; CPU iPhone OS 13_2_3 like Mac OS X) AppleWebKit/605.1.15 (KHTML, like Gecko) Version/13.0.3 Mobile/15E148 Safari/604.1"
::1 - - [11/Jul/2021:13:53:00 +0000] "GET /category?type=income HTTP/1.1" 200 610 "http://localhost:3000/" "Mozilla/5.0 (iPhone; CPU iPhone OS 13_2_3 like Mac OS X) AppleWebKit/605.1.15 (KHTML, like Gecko) Version/13.0.3 Mobile/15E148 Safari/604.1"
::1 - - [11/Jul/2021:13:53:43 +0000] "GET /category?type=outcome HTTP/1.1" 200 47 "http://localhost:3000/" "Mozilla/5.0 (iPhone; CPU iPhone OS 13_2_3 like Mac OS X) AppleWebKit/605.1.15 (KHTML, like Gecko) Version/13.0.3 Mobile/15E148 Safari/604.1"
::1 - - [11/Jul/2021:13:56:11 +0000] "GET /accounts?date=2021-07 HTTP/1.1" 200 1138 "http://localhost:3000/" "Mozilla/5.0 (iPhone; CPU iPhone OS 13_2_3 like Mac OS X) AppleWebKit/605.1.15 (KHTML, like Gecko) Version/13.0.3 Mobile/15E148 Safari/604.1"
::1 - - [11/Jul/2021:13:56:29 +0000] "POST /user/login HTTP/1.1" 200 50 "http://localhost:3000/" "Mozilla/5.0 (iPhone; CPU iPhone OS 13_2_3 like Mac OS X) AppleWebKit/605.1.15 (KHTML, like Gecko) Version/13.0.3 Mobile/15E148 Safari/604.1"
::1 - - [11/Jul/2021:13:56:36 +0000] "POST /user/login HTTP/1.1" 200 374 "http://localhost:3000/" "Mozilla/5.0 (iPhone; CPU iPhone OS 13_2_3 like Mac OS X) AppleWebKit/605.1.15 (KHTML, like Gecko) Version/13.0.3 Mobile/15E148 Safari/604.1"
::1 - - [11/Jul/2021:13:56:36 +0000] "GET /category?type=outcome HTTP/1.1" 200 862 "http://localhost:3000/" "Mozilla/5.0 (iPhone; CPU iPhone OS 13_2_3 like Mac OS X) AppleWebKit/605.1.15 (KHTML, like Gecko) Version/13.0.3 Mobile/15E148 Safari/604.1"
::1 - - [11/Jul/2021:13:56:59 +0000] "GET /category?type=income HTTP/1.1" 200 47 "http://localhost:3000/" "Mozilla/5.0 (iPhone; CPU iPhone OS 13_2_3 like Mac OS X) AppleWebKit/605.1.15 (KHTML, like Gecko) Version/13.0.3 Mobile/15E148 Safari/604.1"
::1 - - [11/Jul/2021:14:01:07 +0000] "POST /user/login HTTP/1.1" 200 374 "http://localhost:3000/" "Mozilla/5.0 (iPhone; CPU iPhone OS 13_2_3 like Mac OS X) AppleWebKit/605.1.15 (KHTML, like Gecko) Version/13.0.3 Mobile/15E148 Safari/604.1"
::1 - - [11/Jul/2021:14:01:07 +0000] "GET /category?type=outcome HTTP/1.1" 200 862 "http://localhost:3000/" "Mozilla/5.0 (iPhone; CPU iPhone OS 13_2_3 like Mac OS X) AppleWebKit/605.1.15 (KHTML, like Gecko) Version/13.0.3 Mobile/15E148 Safari/604.1"
::1 - - [12/Jul/2021:11:55:30 +0000] "POST /user/login HTTP/1.1" 200 374 "http://localhost:3000/" "Mozilla/5.0 (iPhone; CPU iPhone OS 13_2_3 like Mac OS X) AppleWebKit/605.1.15 (KHTML, like Gecko) Version/13.0.3 Mobile/15E148 Safari/604.1"
::1 - - [12/Jul/2021:11:55:30 +0000] "GET /category?type=outcome HTTP/1.1" 200 862 "http://localhost:3000/" "Mozilla/5.0 (iPhone; CPU iPhone OS 13_2_3 like Mac OS X) AppleWebKit/605.1.15 (KHTML, like Gecko) Version/13.0.3 Mobile/15E148 Safari/604.1"
::1 - - [12/Jul/2021:11:55:32 +0000] "GET /accounts?date=2021-07 HTTP/1.1" 200 40 "http://localhost:3000/" "Mozilla/5.0 (iPhone; CPU iPhone OS 13_2_3 like Mac OS X) AppleWebKit/605.1.15 (KHTML, like Gecko) Version/13.0.3 Mobile/15E148 Safari/604.1"
::1 - - [12/Jul/2021:11:55:38 +0000] "GET /category?type=outcome HTTP/1.1" 200 862 "http://localhost:3000/" "Mozilla/5.0 (iPhone; CPU iPhone OS 13_2_3 like Mac OS X) AppleWebKit/605.1.15 (KHTML, like Gecko) Version/13.0.3 Mobile/15E148 Safari/604.1"
::1 - - [12/Jul/2021:11:56:19 +0000] "GET /category?type=outcome HTTP/1.1" 200 862 "http://localhost:3000/" "Mozilla/5.0 (iPhone; CPU iPhone OS 13_2_3 like Mac OS X) AppleWebKit/605.1.15 (KHTML, like Gecko) Version/13.0.3 Mobile/15E148 Safari/604.1"
::1 - - [12/Jul/2021:11:56:22 +0000] "GET /accounts?date=2021-07 HTTP/1.1" 200 40 "http://localhost:3000/" "Mozilla/5.0 (iPhone; CPU iPhone OS 13_2_3 like Mac OS X) AppleWebKit/605.1.15 (KHTML, like Gecko) Version/13.0.3 Mobile/15E148 Safari/604.1"
::1 - - [12/Jul/2021:11:56:23 +0000] "GET /category?type=outcome HTTP/1.1" 200 862 "http://localhost:3000/" "Mozilla/5.0 (iPhone; CPU iPhone OS 13_2_3 like Mac OS X) AppleWebKit/605.1.15 (KHTML, like Gecko) Version/13.0.3 Mobile/15E148 Safari/604.1"
::1 - - [12/Jul/2021:11:56:38 +0000] "POST /accounts HTTP/1.1" 200 47 "http://localhost:3000/" "Mozilla/5.0 (iPhone; CPU iPhone OS 13_2_3 like Mac OS X) AppleWebKit/605.1.15 (KHTML, like Gecko) Version/13.0.3 Mobile/15E148 Safari/604.1"
::1 - - [12/Jul/2021:11:58:15 +0000] "GET /category?type=outcome HTTP/1.1" 200 862 "http://localhost:3000/" "Mozilla/5.0 (iPhone; CPU iPhone OS 13_2_3 like Mac OS X) AppleWebKit/605.1.15 (KHTML, like Gecko) Version/13.0.3 Mobile/15E148 Safari/604.1"
::1 - - [12/Jul/2021:11:58:26 +0000] "POST /accounts HTTP/1.1" 500 21 "http://localhost:3000/" "Mozilla/5.0 (iPhone; CPU iPhone OS 13_2_3 like Mac OS X) AppleWebKit/605.1.15 (KHTML, like Gecko) Version/13.0.3 Mobile/15E148 Safari/604.1"
::1 - - [12/Jul/2021:11:59:48 +0000] "POST /accounts HTTP/1.1" 200 43 "http://localhost:3000/" "Mozilla/5.0 (iPhone; CPU iPhone OS 13_2_3 like Mac OS X) AppleWebKit/605.1.15 (KHTML, like Gecko) Version/13.0.3 Mobile/15E148 Safari/604.1"
::1 - - [12/Jul/2021:12:00:58 +0000] "POST /user/login HTTP/1.1" 200 374 "http://localhost:3000/" "Mozilla/5.0 (iPhone; CPU iPhone OS 13_2_3 like Mac OS X) AppleWebKit/605.1.15 (KHTML, like Gecko) Version/13.0.3 Mobile/15E148 Safari/604.1"
::1 - - [12/Jul/2021:12:00:59 +0000] "GET /category?type=outcome HTTP/1.1" 200 862 "http://localhost:3000/" "Mozilla/5.0 (iPhone; CPU iPhone OS 13_2_3 like Mac OS X) AppleWebKit/605.1.15 (KHTML, like Gecko) Version/13.0.3 Mobile/15E148 Safari/604.1"
::1 - - [12/Jul/2021:12:01:21 +0000] "POST /accounts HTTP/1.1" 200 43 "http://localhost:3000/" "Mozilla/5.0 (iPhone; CPU iPhone OS 13_2_3 like Mac OS X) AppleWebKit/605.1.15 (KHTML, like Gecko) Version/13.0.3 Mobile/15E148 Safari/604.1"
::1 - - [12/Jul/2021:12:09:25 +0000] "GET /category?type=outcome HTTP/1.1" 404 9 "http://localhost:3000/" "Mozilla/5.0 (iPhone; CPU iPhone OS 13_2_3 like Mac OS X) AppleWebKit/605.1.15 (KHTML, like Gecko) Version/13.0.3 Mobile/15E148 Safari/604.1"
::1 - - [12/Jul/2021:12:10:37 +0000] "GET /category?type=income HTTP/1.1" 404 9 "http://localhost:3000/" "Mozilla/5.0 (iPhone; CPU iPhone OS 13_2_3 like Mac OS X) AppleWebKit/605.1.15 (KHTML, like Gecko) Version/13.0.3 Mobile/15E148 Safari/604.1"
::1 - - [12/Jul/2021:12:10:38 +0000] "GET /category?type=outcome HTTP/1.1" 404 9 "http://localhost:3000/" "Mozilla/5.0 (iPhone; CPU iPhone OS 13_2_3 like Mac OS X) AppleWebKit/605.1.15 (KHTML, like Gecko) Version/13.0.3 Mobile/15E148 Safari/604.1"
::1 - - [12/Jul/2021:12:11:01 +0000] "GET /category?type=income HTTP/1.1" 200 610 "http://localhost:3000/" "Mozilla/5.0 (iPhone; CPU iPhone OS 13_2_3 like Mac OS X) AppleWebKit/605.1.15 (KHTML, like Gecko) Version/13.0.3 Mobile/15E148 Safari/604.1"
::1 - - [12/Jul/2021:12:11:12 +0000] "GET /category?type=outcome HTTP/1.1" 200 862 "http://localhost:3000/" "Mozilla/5.0 (iPhone; CPU iPhone OS 13_2_3 like Mac OS X) AppleWebKit/605.1.15 (KHTML, like Gecko) Version/13.0.3 Mobile/15E148 Safari/604.1"
::1 - - [12/Jul/2021:12:11:32 +0000] "POST /accounts HTTP/1.1" 200 43 "http://localhost:3000/" "Mozilla/5.0 (iPhone; CPU iPhone OS 13_2_3 like Mac OS X) AppleWebKit/605.1.15 (KHTML, like Gecko) Version/13.0.3 Mobile/15E148 Safari/604.1"
::1 - - [12/Jul/2021:12:11:58 +0000] "GET /category?type=income HTTP/1.1" 200 610 "http://localhost:3000/" "Mozilla/5.0 (iPhone; CPU iPhone OS 13_2_3 like Mac OS X) AppleWebKit/605.1.15 (KHTML, like Gecko) Version/13.0.3 Mobile/15E148 Safari/604.1"
::1 - - [12/Jul/2021:12:11:59 +0000] "GET /category?type=outcome HTTP/1.1" 200 862 "http://localhost:3000/" "Mozilla/5.0 (iPhone; CPU iPhone OS 13_2_3 like Mac OS X) AppleWebKit/605.1.15 (KHTML, like Gecko) Version/13.0.3 Mobile/15E148 Safari/604.1"
::1 - - [12/Jul/2021:12:12:04 +0000] "GET /category?type=outcome HTTP/1.1" 200 862 "http://localhost:3000/" "Mozilla/5.0 (iPhone; CPU iPhone OS 13_2_3 like Mac OS X) AppleWebKit/605.1.15 (KHTML, like Gecko) Version/13.0.3 Mobile/15E148 Safari/604.1"
::1 - - [12/Jul/2021:12:12:17 +0000] "POST /accounts HTTP/1.1" 200 56 "http://localhost:3000/" "Mozilla/5.0 (iPhone; CPU iPhone OS 13_2_3 like Mac OS X) AppleWebKit/605.1.15 (KHTML, like Gecko) Version/13.0.3 Mobile/15E148 Safari/604.1"
::1 - - [12/Jul/2021:12:12:32 +0000] "GET /accounts?date=2021-07 HTTP/1.1" 200 177 "http://localhost:3000/" "Mozilla/5.0 (iPhone; CPU iPhone OS 13_2_3 like Mac OS X) AppleWebKit/605.1.15 (KHTML, like Gecko) Version/13.0.3 Mobile/15E148 Safari/604.1"
::1 - - [12/Jul/2021:12:12:35 +0000] "GET /accounts/charts?date=2021-07&type=outcome HTTP/1.1" 200 177 "http://localhost:3000/" "Mozilla/5.0 (iPhone; CPU iPhone OS 13_2_3 like Mac OS X) AppleWebKit/605.1.15 (KHTML, like Gecko) Version/13.0.3 Mobile/15E148 Safari/604.1"
::1 - - [12/Jul/2021:12:12:35 +0000] "GET /accounts/total?date=2021-07 HTTP/1.1" 200 70 "http://localhost:3000/" "Mozilla/5.0 (iPhone; CPU iPhone OS 13_2_3 like Mac OS X) AppleWebKit/605.1.15 (KHTML, like Gecko) Version/13.0.3 Mobile/15E148 Safari/604.1"
::1 - - [12/Jul/2021:12:12:37 +0000] "GET /accounts?date=2021-07 HTTP/1.1" 200 177 "http://localhost:3000/" "Mozilla/5.0 (iPhone; CPU iPhone OS 13_2_3 like Mac OS X) AppleWebKit/605.1.15 (KHTML, like Gecko) Version/13.0.3 Mobile/15E148 Safari/604.1"
::1 - - [12/Jul/2021:12:12:39 +0000] "GET /category?type=outcome HTTP/1.1" 200 862 "http://localhost:3000/" "Mozilla/5.0 (iPhone; CPU iPhone OS 13_2_3 like Mac OS X) AppleWebKit/605.1.15 (KHTML, like Gecko) Version/13.0.3 Mobile/15E148 Safari/604.1"
::1 - - [12/Jul/2021:12:14:29 +0000] "GET /accounts?date=2021-07 HTTP/1.1" 200 47 "http://localhost:3000/" "Mozilla/5.0 (iPhone; CPU iPhone OS 13_2_3 like Mac OS X) AppleWebKit/605.1.15 (KHTML, like Gecko) Version/13.0.3 Mobile/15E148 Safari/604.1"
::1 - - [12/Jul/2021:12:14:39 +0000] "GET /accounts?date=2021-07 HTTP/1.1" 200 47 "http://localhost:3000/" "Mozilla/5.0 (iPhone; CPU iPhone OS 13_2_3 like Mac OS X) AppleWebKit/605.1.15 (KHTML, like Gecko) Version/13.0.3 Mobile/15E148 Safari/604.1"
::1 - - [12/Jul/2021:12:16:39 +0000] "GET /accounts?date=2021-07 HTTP/1.1" 200 177 "http://localhost:3000/" "Mozilla/5.0 (iPhone; CPU iPhone OS 13_2_3 like Mac OS X) AppleWebKit/605.1.15 (KHTML, like Gecko) Version/13.0.3 Mobile/15E148 Safari/604.1"
::1 - - [12/Jul/2021:12:17:44 +0000] "GET /accounts?date=2021-07 HTTP/1.1" 200 177 "http://localhost:3000/" "Mozilla/5.0 (iPhone; CPU iPhone OS 13_2_3 like Mac OS X) AppleWebKit/605.1.15 (KHTML, like Gecko) Version/13.0.3 Mobile/15E148 Safari/604.1"
::1 - - [12/Jul/2021:12:17:45 +0000] "GET /accounts/charts?date=2021-07&type=outcome HTTP/1.1" 200 177 "http://localhost:3000/" "Mozilla/5.0 (iPhone; CPU iPhone OS 13_2_3 like Mac OS X) AppleWebKit/605.1.15 (KHTML, like Gecko) Version/13.0.3 Mobile/15E148 Safari/604.1"
::1 - - [12/Jul/2021:12:17:46 +0000] "GET /accounts/total?date=2021-07 HTTP/1.1" 200 70 "http://localhost:3000/" "Mozilla/5.0 (iPhone; CPU iPhone OS 13_2_3 like Mac OS X) AppleWebKit/605.1.15 (KHTML, like Gecko) Version/13.0.3 Mobile/15E148 Safari/604.1"
::1 - - [12/Jul/2021:12:17:47 +0000] "GET /accounts?date=2021-07 HTTP/1.1" 200 177 "http://localhost:3000/" "Mozilla/5.0 (iPhone; CPU iPhone OS 13_2_3 like Mac OS X) AppleWebKit/605.1.15 (KHTML, like Gecko) Version/13.0.3 Mobile/15E148 Safari/604.1"
::1 - - [12/Jul/2021:12:17:48 +0000] "GET /category?type=outcome HTTP/1.1" 200 862 "http://localhost:3000/" "Mozilla/5.0 (iPhone; CPU iPhone OS 13_2_3 like Mac OS X) AppleWebKit/605.1.15 (KHTML, like Gecko) Version/13.0.3 Mobile/15E148 Safari/604.1"
::1 - - [12/Jul/2021:12:17:49 +0000] "GET /accounts?date=2021-07 HTTP/1.1" 200 177 "http://localhost:3000/" "Mozilla/5.0 (iPhone; CPU iPhone OS 13_2_3 like Mac OS X) AppleWebKit/605.1.15 (KHTML, like Gecko) Version/13.0.3 Mobile/15E148 Safari/604.1"
::1 - - [12/Jul/2021:12:18:14 +0000] "GET /accounts?date=2021-07 HTTP/1.1" 200 47 "http://localhost:3000/" "Mozilla/5.0 (iPhone; CPU iPhone OS 13_2_3 like Mac OS X) AppleWebKit/605.1.15 (KHTML, like Gecko) Version/13.0.3 Mobile/15E148 Safari/604.1"
::1 - - [12/Jul/2021:12:20:13 +0000] "POST /user/login HTTP/1.1" 200 376 "http://localhost:3000/" "Mozilla/5.0 (iPhone; CPU iPhone OS 13_2_3 like Mac OS X) AppleWebKit/605.1.15 (KHTML, like Gecko) Version/13.0.3 Mobile/15E148 Safari/604.1"
::1 - - [12/Jul/2021:12:20:13 +0000] "GET /category?type=outcome HTTP/1.1" 200 862 "http://localhost:3000/" "Mozilla/5.0 (iPhone; CPU iPhone OS 13_2_3 like Mac OS X) AppleWebKit/605.1.15 (KHTML, like Gecko) Version/13.0.3 Mobile/15E148 Safari/604.1"
::1 - - [12/Jul/2021:12:20:14 +0000] "GET /accounts?date=2021-07 HTTP/1.1" 200 40 "http://localhost:3000/" "Mozilla/5.0 (iPhone; CPU iPhone OS 13_2_3 like Mac OS X) AppleWebKit/605.1.15 (KHTML, like Gecko) Version/13.0.3 Mobile/15E148 Safari/604.1"
::1 - - [12/Jul/2021:12:20:16 +0000] "GET /accounts/charts?date=2021-07&type=outcome HTTP/1.1" 200 177 "http://localhost:3000/" "Mozilla/5.0 (iPhone; CPU iPhone OS 13_2_3 like Mac OS X) AppleWebKit/605.1.15 (KHTML, like Gecko) Version/13.0.3 Mobile/15E148 Safari/604.1"
::1 - - [12/Jul/2021:12:20:16 +0000] "GET /accounts/total?date=2021-07 HTTP/1.1" 200 70 "http://localhost:3000/" "Mozilla/5.0 (iPhone; CPU iPhone OS 13_2_3 like Mac OS X) AppleWebKit/605.1.15 (KHTML, like Gecko) Version/13.0.3 Mobile/15E148 Safari/604.1"
::1 - - [12/Jul/2021:12:21:13 +0000] "GET /accounts?date=2021-07 HTTP/1.1" 200 40 "http://localhost:3000/" "Mozilla/5.0 (iPhone; CPU iPhone OS 13_2_3 like Mac OS X) AppleWebKit/605.1.15 (KHTML, like Gecko) Version/13.0.3 Mobile/15E148 Safari/604.1"
::1 - - [12/Jul/2021:12:21:14 +0000] "GET /accounts/charts?date=2021-07&type=outcome HTTP/1.1" 200 40 "http://localhost:3000/" "Mozilla/5.0 (iPhone; CPU iPhone OS 13_2_3 like Mac OS X) AppleWebKit/605.1.15 (KHTML, like Gecko) Version/13.0.3 Mobile/15E148 Safari/604.1"
::1 - - [12/Jul/2021:12:21:14 +0000] "GET /accounts/total?date=2021-07 HTTP/1.1" 200 70 "http://localhost:3000/" "Mozilla/5.0 (iPhone; CPU iPhone OS 13_2_3 like Mac OS X) AppleWebKit/605.1.15 (KHTML, like Gecko) Version/13.0.3 Mobile/15E148 Safari/604.1"
::1 - - [12/Jul/2021:12:21:24 +0000] "GET /category?type=outcome HTTP/1.1" 200 862 "http://localhost:3000/" "Mozilla/5.0 (iPhone; CPU iPhone OS 13_2_3 like Mac OS X) AppleWebKit/605.1.15 (KHTML, like Gecko) Version/13.0.3 Mobile/15E148 Safari/604.1"
::1 - - [12/Jul/2021:12:21:27 +0000] "GET /category?type=income HTTP/1.1" 200 610 "http://localhost:3000/" "Mozilla/5.0 (iPhone; CPU iPhone OS 13_2_3 like Mac OS X) AppleWebKit/605.1.15 (KHTML, like Gecko) Version/13.0.3 Mobile/15E148 Safari/604.1"
::1 - - [12/Jul/2021:12:21:40 +0000] "POST /accounts HTTP/1.1" 200 56 "http://localhost:3000/" "Mozilla/5.0 (iPhone; CPU iPhone OS 13_2_3 like Mac OS X) AppleWebKit/605.1.15 (KHTML, like Gecko) Version/13.0.3 Mobile/15E148 Safari/604.1"
::1 - - [12/Jul/2021:12:21:42 +0000] "GET /accounts?date=2021-07 HTTP/1.1" 200 178 "http://localhost:3000/" "Mozilla/5.0 (iPhone; CPU iPhone OS 13_2_3 like Mac OS X) AppleWebKit/605.1.15 (KHTML, like Gecko) Version/13.0.3 Mobile/15E148 Safari/604.1"
::1 - - [12/Jul/2021:12:21:44 +0000] "GET /accounts/charts?date=2021-07&type=outcome HTTP/1.1" 200 40 "http://localhost:3000/" "Mozilla/5.0 (iPhone; CPU iPhone OS 13_2_3 like Mac OS X) AppleWebKit/605.1.15 (KHTML, like Gecko) Version/13.0.3 Mobile/15E148 Safari/604.1"
::1 - - [12/Jul/2021:12:21:44 +0000] "GET /accounts/total?date=2021-07 HTTP/1.1" 200 101 "http://localhost:3000/" "Mozilla/5.0 (iPhone; CPU iPhone OS 13_2_3 like Mac OS X) AppleWebKit/605.1.15 (KHTML, like Gecko) Version/13.0.3 Mobile/15E148 Safari/604.1"
::1 - - [12/Jul/2021:12:22:04 +0000] "GET /accounts?date=2021-07 HTTP/1.1" 200 178 "http://localhost:3000/" "Mozilla/5.0 (iPhone; CPU iPhone OS 13_2_3 like Mac OS X) AppleWebKit/605.1.15 (KHTML, like Gecko) Version/13.0.3 Mobile/15E148 Safari/604.1"
::1 - - [12/Jul/2021:12:22:05 +0000] "GET /accounts/charts?date=2021-07&type=outcome HTTP/1.1" 200 40 "http://localhost:3000/" "Mozilla/5.0 (iPhone; CPU iPhone OS 13_2_3 like Mac OS X) AppleWebKit/605.1.15 (KHTML, like Gecko) Version/13.0.3 Mobile/15E148 Safari/604.1"
::1 - - [12/Jul/2021:12:22:05 +0000] "GET /accounts/total?date=2021-07 HTTP/1.1" 200 101 "http://localhost:3000/" "Mozilla/5.0 (iPhone; CPU iPhone OS 13_2_3 like Mac OS X) AppleWebKit/605.1.15 (KHTML, like Gecko) Version/13.0.3 Mobile/15E148 Safari/604.1"
::1 - - [12/Jul/2021:12:22:14 +0000] "GET /accounts/charts?date=2021-07&type=income HTTP/1.1" 200 40 "http://localhost:3000/" "Mozilla/5.0 (iPhone; CPU iPhone OS 13_2_3 like Mac OS X) AppleWebKit/605.1.15 (KHTML, like Gecko) Version/13.0.3 Mobile/15E148 Safari/604.1"
::1 - - [12/Jul/2021:12:22:14 +0000] "GET /accounts/total?date=2021-07 HTTP/1.1" 200 101 "http://localhost:3000/" "Mozilla/5.0 (iPhone; CPU iPhone OS 13_2_3 like Mac OS X) AppleWebKit/605.1.15 (KHTML, like Gecko) Version/13.0.3 Mobile/15E148 Safari/604.1"
::1 - - [12/Jul/2021:12:22:16 +0000] "GET /accounts/charts?date=2021-07&type=outcome HTTP/1.1" 200 40 "http://localhost:3000/" "Mozilla/5.0 (iPhone; CPU iPhone OS 13_2_3 like Mac OS X) AppleWebKit/605.1.15 (KHTML, like Gecko) Version/13.0.3 Mobile/15E148 Safari/604.1"
::1 - - [12/Jul/2021:12:22:16 +0000] "GET /accounts/total?date=2021-07 HTTP/1.1" 200 101 "http://localhost:3000/" "Mozilla/5.0 (iPhone; CPU iPhone OS 13_2_3 like Mac OS X) AppleWebKit/605.1.15 (KHTML, like Gecko) Version/13.0.3 Mobile/15E148 Safari/604.1"
::1 - - [12/Jul/2021:12:22:16 +0000] "GET /accounts/charts?date=2021-07&type=income HTTP/1.1" 200 40 "http://localhost:3000/" "Mozilla/5.0 (iPhone; CPU iPhone OS 13_2_3 like Mac OS X) AppleWebKit/605.1.15 (KHTML, like Gecko) Version/13.0.3 Mobile/15E148 Safari/604.1"
::1 - - [12/Jul/2021:12:22:16 +0000] "GET /accounts/total?date=2021-07 HTTP/1.1" 200 101 "http://localhost:3000/" "Mozilla/5.0 (iPhone; CPU iPhone OS 13_2_3 like Mac OS X) AppleWebKit/605.1.15 (KHTML, like Gecko) Version/13.0.3 Mobile/15E148 Safari/604.1"
::1 - - [12/Jul/2021:12:23:24 +0000] "GET /accounts?date=2021-07 HTTP/1.1" 200 178 "http://localhost:3000/" "Mozilla/5.0 (iPhone; CPU iPhone OS 13_2_3 like Mac OS X) AppleWebKit/605.1.15 (KHTML, like Gecko) Version/13.0.3 Mobile/15E148 Safari/604.1"
::1 - - [12/Jul/2021:12:23:26 +0000] "GET /accounts/charts?date=2021-07&type=outcome HTTP/1.1" 200 40 "http://localhost:3000/" "Mozilla/5.0 (iPhone; CPU iPhone OS 13_2_3 like Mac OS X) AppleWebKit/605.1.15 (KHTML, like Gecko) Version/13.0.3 Mobile/15E148 Safari/604.1"
::1 - - [12/Jul/2021:12:23:26 +0000] "GET /accounts/total?date=2021-07 HTTP/1.1" 200 70 "http://localhost:3000/" "Mozilla/5.0 (iPhone; CPU iPhone OS 13_2_3 like Mac OS X) AppleWebKit/605.1.15 (KHTML, like Gecko) Version/13.0.3 Mobile/15E148 Safari/604.1"
::1 - - [12/Jul/2021:12:23:27 +0000] "GET /accounts/charts?date=2021-07&type=income HTTP/1.1" 200 178 "http://localhost:3000/" "Mozilla/5.0 (iPhone; CPU iPhone OS 13_2_3 like Mac OS X) AppleWebKit/605.1.15 (KHTML, like Gecko) Version/13.0.3 Mobile/15E148 Safari/604.1"
::1 - - [12/Jul/2021:12:23:27 +0000] "GET /accounts/total?date=2021-07 HTTP/1.1" 200 70 "http://localhost:3000/" "Mozilla/5.0 (iPhone; CPU iPhone OS 13_2_3 like Mac OS X) AppleWebKit/605.1.15 (KHTML, like Gecko) Version/13.0.3 Mobile/15E148 Safari/604.1"
::1 - - [12/Jul/2021:12:23:46 +0000] "GET /accounts?date=2021-07 HTTP/1.1" 200 178 "http://localhost:3000/" "Mozilla/5.0 (iPhone; CPU iPhone OS 13_2_3 like Mac OS X) AppleWebKit/605.1.15 (KHTML, like Gecko) Version/13.0.3 Mobile/15E148 Safari/604.1"
::1 - - [12/Jul/2021:12:23:46 +0000] "GET /category?type=outcome HTTP/1.1" 200 862 "http://localhost:3000/" "Mozilla/5.0 (iPhone; CPU iPhone OS 13_2_3 like Mac OS X) AppleWebKit/605.1.15 (KHTML, like Gecko) Version/13.0.3 Mobile/15E148 Safari/604.1"
::1 - - [12/Jul/2021:12:24:05 +0000] "POST /accounts HTTP/1.1" 200 56 "http://localhost:3000/" "Mozilla/5.0 (iPhone; CPU iPhone OS 13_2_3 like Mac OS X) AppleWebKit/605.1.15 (KHTML, like Gecko) Version/13.0.3 Mobile/15E148 Safari/604.1"
::1 - - [12/Jul/2021:12:24:06 +0000] "GET /accounts?date=2021-07 HTTP/1.1" 200 312 "http://localhost:3000/" "Mozilla/5.0 (iPhone; CPU iPhone OS 13_2_3 like Mac OS X) AppleWebKit/605.1.15 (KHTML, like Gecko) Version/13.0.3 Mobile/15E148 Safari/604.1"
::1 - - [12/Jul/2021:12:24:08 +0000] "GET /accounts/charts?date=2021-07&type=outcome HTTP/1.1" 200 173 "http://localhost:3000/" "Mozilla/5.0 (iPhone; CPU iPhone OS 13_2_3 like Mac OS X) AppleWebKit/605.1.15 (KHTML, like Gecko) Version/13.0.3 Mobile/15E148 Safari/604.1"
::1 - - [12/Jul/2021:12:24:08 +0000] "GET /accounts/total?date=2021-07 HTTP/1.1" 200 102 "http://localhost:3000/" "Mozilla/5.0 (iPhone; CPU iPhone OS 13_2_3 like Mac OS X) AppleWebKit/605.1.15 (KHTML, like Gecko) Version/13.0.3 Mobile/15E148 Safari/604.1"
::1 - - [12/Jul/2021:12:24:12 +0000] "GET /accounts/charts?date=2021-07&type=income HTTP/1.1" 200 178 "http://localhost:3000/" "Mozilla/5.0 (iPhone; CPU iPhone OS 13_2_3 like Mac OS X) AppleWebKit/605.1.15 (KHTML, like Gecko) Version/13.0.3 Mobile/15E148 Safari/604.1"
::1 - - [12/Jul/2021:12:24:12 +0000] "GET /accounts/total?date=2021-07 HTTP/1.1" 200 102 "http://localhost:3000/" "Mozilla/5.0 (iPhone; CPU iPhone OS 13_2_3 like Mac OS X) AppleWebKit/605.1.15 (KHTML, like Gecko) Version/13.0.3 Mobile/15E148 Safari/604.1"
::1 - - [12/Jul/2021:12:24:13 +0000] "GET /accounts/charts?date=2021-07&type=outcome HTTP/1.1" 200 173 "http://localhost:3000/" "Mozilla/5.0 (iPhone; CPU iPhone OS 13_2_3 like Mac OS X) AppleWebKit/605.1.15 (KHTML, like Gecko) Version/13.0.3 Mobile/15E148 Safari/604.1"
::1 - - [12/Jul/2021:12:24:13 +0000] "GET /accounts/total?date=2021-07 HTTP/1.1" 200 102 "http://localhost:3000/" "Mozilla/5.0 (iPhone; CPU iPhone OS 13_2_3 like Mac OS X) AppleWebKit/605.1.15 (KHTML, like Gecko) Version/13.0.3 Mobile/15E148 Safari/604.1"
::1 - - [12/Jul/2021:12:28:30 +0000] "GET /accounts/charts?date=2021-07&type=outcome HTTP/1.1" 200 173 "http://localhost:3000/" "Mozilla/5.0 (iPhone; CPU iPhone OS 13_2_3 like Mac OS X) AppleWebKit/605.1.15 (KHTML, like Gecko) Version/13.0.3 Mobile/15E148 Safari/604.1"
::1 - - [12/Jul/2021:12:28:30 +0000] "GET /accounts/total?date=2021-07 HTTP/1.1" 200 102 "http://localhost:3000/" "Mozilla/5.0 (iPhone; CPU iPhone OS 13_2_3 like Mac OS X) AppleWebKit/605.1.15 (KHTML, like Gecko) Version/13.0.3 Mobile/15E148 Safari/604.1"
::1 - - [12/Jul/2021:12:28:38 +0000] "GET /accounts/charts?date=2021-07&type=outcome HTTP/1.1" 200 47 "http://localhost:3000/" "Mozilla/5.0 (iPhone; CPU iPhone OS 13_2_3 like Mac OS X) AppleWebKit/605.1.15 (KHTML, like Gecko) Version/13.0.3 Mobile/15E148 Safari/604.1"
::1 - - [12/Jul/2021:12:28:38 +0000] "GET /accounts/total?date=2021-07 HTTP/1.1" 200 47 "http://localhost:3000/" "Mozilla/5.0 (iPhone; CPU iPhone OS 13_2_3 like Mac OS X) AppleWebKit/605.1.15 (KHTML, like Gecko) Version/13.0.3 Mobile/15E148 Safari/604.1"
::1 - - [12/Jul/2021:12:28:44 +0000] "GET /accounts/charts?date=2021-07&type=outcome HTTP/1.1" 200 47 "http://localhost:3000/" "Mozilla/5.0 (iPhone; CPU iPhone OS 13_2_3 like Mac OS X) AppleWebKit/605.1.15 (KHTML, like Gecko) Version/13.0.3 Mobile/15E148 Safari/604.1"
::1 - - [12/Jul/2021:12:28:44 +0000] "GET /accounts/total?date=2021-07 HTTP/1.1" 200 47 "http://localhost:3000/" "Mozilla/5.0 (iPhone; CPU iPhone OS 13_2_3 like Mac OS X) AppleWebKit/605.1.15 (KHTML, like Gecko) Version/13.0.3 Mobile/15E148 Safari/604.1"
::1 - - [12/Jul/2021:12:29:05 +0000] "GET /accounts/charts?date=2021-07&type=outcome HTTP/1.1" 200 47 "http://localhost:3000/" "Mozilla/5.0 (iPhone; CPU iPhone OS 13_2_3 like Mac OS X) AppleWebKit/605.1.15 (KHTML, like Gecko) Version/13.0.3 Mobile/15E148 Safari/604.1"
::1 - - [12/Jul/2021:12:29:05 +0000] "GET /accounts/total?date=2021-07 HTTP/1.1" 200 47 "http://localhost:3000/" "Mozilla/5.0 (iPhone; CPU iPhone OS 13_2_3 like Mac OS X) AppleWebKit/605.1.15 (KHTML, like Gecko) Version/13.0.3 Mobile/15E148 Safari/604.1"
::1 - - [12/Jul/2021:12:35:15 +0000] "GET /accounts/charts?date=2021-07&type=outcome HTTP/1.1" 200 47 "http://localhost:3000/" "Mozilla/5.0 (iPhone; CPU iPhone OS 13_2_3 like Mac OS X) AppleWebKit/605.1.15 (KHTML, like Gecko) Version/13.0.3 Mobile/15E148 Safari/604.1"
::1 - - [12/Jul/2021:12:35:15 +0000] "GET /accounts/total?date=2021-07 HTTP/1.1" 200 47 "http://localhost:3000/" "Mozilla/5.0 (iPhone; CPU iPhone OS 13_2_3 like Mac OS X) AppleWebKit/605.1.15 (KHTML, like Gecko) Version/13.0.3 Mobile/15E148 Safari/604.1"
::1 - - [12/Jul/2021:12:37:10 +0000] "POST /user/login HTTP/1.1" 200 376 "http://localhost:3000/" "Mozilla/5.0 (iPhone; CPU iPhone OS 13_2_3 like Mac OS X) AppleWebKit/605.1.15 (KHTML, like Gecko) Version/13.0.3 Mobile/15E148 Safari/604.1"
::1 - - [12/Jul/2021:12:37:11 +0000] "GET /category?type=outcome HTTP/1.1" 200 862 "http://localhost:3000/" "Mozilla/5.0 (iPhone; CPU iPhone OS 13_2_3 like Mac OS X) AppleWebKit/605.1.15 (KHTML, like Gecko) Version/13.0.3 Mobile/15E148 Safari/604.1"
::1 - - [12/Jul/2021:12:49:48 +0000] "POST /user/login HTTP/1.1" 200 376 "http://localhost:3000/" "Mozilla/5.0 (iPhone; CPU iPhone OS 13_2_3 like Mac OS X) AppleWebKit/605.1.15 (KHTML, like Gecko) Version/13.0.3 Mobile/15E148 Safari/604.1"
::1 - - [12/Jul/2021:12:49:48 +0000] "GET /category?type=outcome HTTP/1.1" 200 862 "http://localhost:3000/" "Mozilla/5.0 (iPhone; CPU iPhone OS 13_2_3 like Mac OS X) AppleWebKit/605.1.15 (KHTML, like Gecko) Version/13.0.3 Mobile/15E148 Safari/604.1"
::1 - - [13/Jul/2021:02:05:59 +0000] "GET /category?type=income HTTP/1.1" 200 38 "http://localhost:3000/" "Mozilla/5.0 (Windows NT 10.0; Win64; x64) AppleWebKit/537.36 (KHTML, like Gecko) Chrome/91.0.4472.124 Safari/537.36"
::1 - - [13/Jul/2021:02:06:28 +0000] "GET /category?type=outcome HTTP/1.1" 200 38 "http://localhost:3000/" "Mozilla/5.0 (Windows NT 10.0; Win64; x64) AppleWebKit/537.36 (KHTML, like Gecko) Chrome/91.0.4472.124 Safari/537.36"
::1 - - [13/Jul/2021:02:07:15 +0000] "GET /accounts?date=2021-07 HTTP/1.1" 200 38 "http://localhost:3000/" "Mozilla/5.0 (iPhone; CPU iPhone OS 13_2_3 like Mac OS X) AppleWebKit/605.1.15 (KHTML, like Gecko) Version/13.0.3 Mobile/15E148 Safari/604.1"
::1 - - [13/Jul/2021:02:56:05 +0000] "GET /accounts?date=2021-07 HTTP/1.1" 200 38 "http://localhost:3000/" "Mozilla/5.0 (iPhone; CPU iPhone OS 13_2_3 like Mac OS X) AppleWebKit/605.1.15 (KHTML, like Gecko) Version/13.0.3 Mobile/15E148 Safari/604.1"
::1 - - [13/Jul/2021:02:57:28 +0000] "GET /accounts?date=2021-07 HTTP/1.1" 200 38 "http://localhost:3000/" "Mozilla/5.0 (iPhone; CPU iPhone OS 13_2_3 like Mac OS X) AppleWebKit/605.1.15 (KHTML, like Gecko) Version/13.0.3 Mobile/15E148 Safari/604.1"
::1 - - [13/Jul/2021:02:58:00 +0000] "GET /category?type=outcome HTTP/1.1" 200 38 "http://localhost:3000/" "Mozilla/5.0 (iPhone; CPU iPhone OS 13_2_3 like Mac OS X) AppleWebKit/605.1.15 (KHTML, like Gecko) Version/13.0.3 Mobile/15E148 Safari/604.1"
::1 - - [13/Jul/2021:03:03:20 +0000] "GET /category?type=outcome HTTP/1.1" 200 38 "http://localhost:3000/" "Mozilla/5.0 (iPhone; CPU iPhone OS 13_2_3 like Mac OS X) AppleWebKit/605.1.15 (KHTML, like Gecko) Version/13.0.3 Mobile/15E148 Safari/604.1"
::1 - - [13/Jul/2021:03:05:49 +0000] "POST /user/login HTTP/1.1" 200 374 "-" "PostmanRuntime/7.26.8"
::1 - - [13/Jul/2021:03:06:05 +0000] "GET /category?type=outcome HTTP/1.1" 200 38 "http://localhost:3000/" "Mozilla/5.0 (iPhone; CPU iPhone OS 13_2_3 like Mac OS X) AppleWebKit/605.1.15 (KHTML, like Gecko) Version/13.0.3 Mobile/15E148 Safari/604.1"
::1 - - [13/Jul/2021:03:06:20 +0000] "GET /category?type=outcome HTTP/1.1" 200 38 "http://localhost:3000/" "Mozilla/5.0 (iPhone; CPU iPhone OS 13_2_3 like Mac OS X) AppleWebKit/605.1.15 (KHTML, like Gecko) Version/13.0.3 Mobile/15E148 Safari/604.1"
::1 - - [13/Jul/2021:03:07:06 +0000] "GET /category?type=outcome HTTP/1.1" 200 38 "http://localhost:3000/" "Mozilla/5.0 (iPhone; CPU iPhone OS 13_2_3 like Mac OS X) AppleWebKit/605.1.15 (KHTML, like Gecko) Version/13.0.3 Mobile/15E148 Safari/604.1"
::1 - - [13/Jul/2021:03:08:29 +0000] "GET /category?type=outcome HTTP/1.1" 200 38 "http://localhost:3000/" "Mozilla/5.0 (iPhone; CPU iPhone OS 13_2_3 like Mac OS X) AppleWebKit/605.1.15 (KHTML, like Gecko) Version/13.0.3 Mobile/15E148 Safari/604.1"
::1 - - [13/Jul/2021:03:08:29 +0000] "GET / HTTP/1.1" 404 9 "http://localhost:3000/" "Mozilla/5.0 (iPhone; CPU iPhone OS 13_2_3 like Mac OS X) AppleWebKit/605.1.15 (KHTML, like Gecko) Version/13.0.3 Mobile/15E148 Safari/604.1"
::1 - - [13/Jul/2021:03:09:01 +0000] "GET /category?type=outcome HTTP/1.1" 200 862 "http://localhost:3000/" "Mozilla/5.0 (iPhone; CPU iPhone OS 13_2_3 like Mac OS X) AppleWebKit/605.1.15 (KHTML, like Gecko) Version/13.0.3 Mobile/15E148 Safari/604.1"
::1 - - [13/Jul/2021:03:09:52 +0000] "GET /category?type=outcome HTTP/1.1" 200 862 "http://localhost:3000/" "Mozilla/5.0 (iPhone; CPU iPhone OS 13_2_3 like Mac OS X) AppleWebKit/605.1.15 (KHTML, like Gecko) Version/13.0.3 Mobile/15E148 Safari/604.1"
::1 - - [13/Jul/2021:03:11:30 +0000] "GET /category?type=outcome HTTP/1.1" 200 862 "http://localhost:3000/" "Mozilla/5.0 (iPhone; CPU iPhone OS 13_2_3 like Mac OS X) AppleWebKit/605.1.15 (KHTML, like Gecko) Version/13.0.3 Mobile/15E148 Safari/604.1"
::1 - - [13/Jul/2021:03:15:15 +0000] "GET /category?type=outcome HTTP/1.1" 200 862 "http://localhost:3000/" "Mozilla/5.0 (iPhone; CPU iPhone OS 13_2_3 like Mac OS X) AppleWebKit/605.1.15 (KHTML, like Gecko) Version/13.0.3 Mobile/15E148 Safari/604.1"
::1 - - [13/Jul/2021:03:18:34 +0000] "GET /category?type=outcome HTTP/1.1" 200 862 "http://localhost:3000/" "Mozilla/5.0 (iPhone; CPU iPhone OS 13_2_3 like Mac OS X) AppleWebKit/605.1.15 (KHTML, like Gecko) Version/13.0.3 Mobile/15E148 Safari/604.1"
::1 - - [13/Jul/2021:04:22:58 +0000] "GET /category?type=outcome HTTP/1.1" 200 862 "http://localhost:3000/" "Mozilla/5.0 (iPhone; CPU iPhone OS 13_2_3 like Mac OS X) AppleWebKit/605.1.15 (KHTML, like Gecko) Version/13.0.3 Mobile/15E148 Safari/604.1"
::1 - - [13/Jul/2021:04:36:31 +0000] "GET /category?type=outcome HTTP/1.1" 200 862 "http://localhost:3000/" "Mozilla/5.0 (iPhone; CPU iPhone OS 13_2_3 like Mac OS X) AppleWebKit/605.1.15 (KHTML, like Gecko) Version/13.0.3 Mobile/15E148 Safari/604.1"
::1 - - [13/Jul/2021:04:36:33 +0000] "GET /category?type=income HTTP/1.1" 200 610 "http://localhost:3000/" "Mozilla/5.0 (iPhone; CPU iPhone OS 13_2_3 like Mac OS X) AppleWebKit/605.1.15 (KHTML, like Gecko) Version/13.0.3 Mobile/15E148 Safari/604.1"
::1 - - [13/Jul/2021:04:36:34 +0000] "GET /category?type=outcome HTTP/1.1" 200 862 "http://localhost:3000/" "Mozilla/5.0 (iPhone; CPU iPhone OS 13_2_3 like Mac OS X) AppleWebKit/605.1.15 (KHTML, like Gecko) Version/13.0.3 Mobile/15E148 Safari/604.1"
::1 - - [13/Jul/2021:04:38:23 +0000] "GET /category?type=outcome HTTP/1.1" 200 862 "http://localhost:3000/" "Mozilla/5.0 (iPhone; CPU iPhone OS 13_2_3 like Mac OS X) AppleWebKit/605.1.15 (KHTML, like Gecko) Version/13.0.3 Mobile/15E148 Safari/604.1"
::1 - - [13/Jul/2021:04:40:33 +0000] "GET /category?type=outcome HTTP/1.1" 200 862 "http://localhost:3000/" "Mozilla/5.0 (iPhone; CPU iPhone OS 13_2_3 like Mac OS X) AppleWebKit/605.1.15 (KHTML, like Gecko) Version/13.0.3 Mobile/15E148 Safari/604.1"
::1 - - [13/Jul/2021:04:40:44 +0000] "GET /accounts?date=2021-07 HTTP/1.1" 200 177 "http://localhost:3000/" "Mozilla/5.0 (iPhone; CPU iPhone OS 13_2_3 like Mac OS X) AppleWebKit/605.1.15 (KHTML, like Gecko) Version/13.0.3 Mobile/15E148 Safari/604.1"
::1 - - [13/Jul/2021:04:45:41 +0000] "GET /accounts/charts?date=2021-07&type=outcome HTTP/1.1" 200 177 "http://localhost:3000/" "Mozilla/5.0 (iPhone; CPU iPhone OS 13_2_3 like Mac OS X) AppleWebKit/605.1.15 (KHTML, like Gecko) Version/13.0.3 Mobile/15E148 Safari/604.1"
::1 - - [13/Jul/2021:04:45:41 +0000] "GET /accounts/total?date=2021-07 HTTP/1.1" 200 70 "http://localhost:3000/" "Mozilla/5.0 (iPhone; CPU iPhone OS 13_2_3 like Mac OS X) AppleWebKit/605.1.15 (KHTML, like Gecko) Version/13.0.3 Mobile/15E148 Safari/604.1"
::1 - - [13/Jul/2021:05:27:24 +0000] "GET /accounts/charts?date=2021-07&type=outcome HTTP/1.1" 200 177 "http://localhost:3000/" "Mozilla/5.0 (Windows NT 10.0; Win64; x64) AppleWebKit/537.36 (KHTML, like Gecko) Chrome/91.0.4472.124 Safari/537.36"
::1 - - [13/Jul/2021:05:27:24 +0000] "GET /accounts/total?date=2021-07 HTTP/1.1" 200 70 "http://localhost:3000/" "Mozilla/5.0 (Windows NT 10.0; Win64; x64) AppleWebKit/537.36 (KHTML, like Gecko) Chrome/91.0.4472.124 Safari/537.36"
::1 - - [13/Jul/2021:05:31:03 +0000] "GET /accounts/charts?date=2021-07&type=outcome HTTP/1.1" 200 177 "http://localhost:3000/" "Mozilla/5.0 (Windows NT 10.0; Win64; x64) AppleWebKit/537.36 (KHTML, like Gecko) Chrome/91.0.4472.124 Safari/537.36"
::1 - - [13/Jul/2021:05:31:03 +0000] "GET /accounts/total?date=2021-07 HTTP/1.1" 200 70 "http://localhost:3000/" "Mozilla/5.0 (Windows NT 10.0; Win64; x64) AppleWebKit/537.36 (KHTML, like Gecko) Chrome/91.0.4472.124 Safari/537.36"
::1 - - [13/Jul/2021:05:32:55 +0000] "GET /accounts/charts?date=2021-07&type=outcome HTTP/1.1" 200 177 "http://localhost:3000/" "Mozilla/5.0 (Windows NT 10.0; Win64; x64) AppleWebKit/537.36 (KHTML, like Gecko) Chrome/91.0.4472.124 Safari/537.36"
::1 - - [13/Jul/2021:05:32:55 +0000] "GET /accounts/total?date=2021-07 HTTP/1.1" 200 70 "http://localhost:3000/" "Mozilla/5.0 (Windows NT 10.0; Win64; x64) AppleWebKit/537.36 (KHTML, like Gecko) Chrome/91.0.4472.124 Safari/537.36"
::1 - - [13/Jul/2021:05:43:19 +0000] "GET /accounts/charts?date=2021-07&type=outcome HTTP/1.1" 200 177 "http://localhost:3000/" "Mozilla/5.0 (Windows NT 10.0; Win64; x64) AppleWebKit/537.36 (KHTML, like Gecko) Chrome/91.0.4472.124 Safari/537.36"
::1 - - [13/Jul/2021:05:43:19 +0000] "GET /accounts/total?date=2021-07 HTTP/1.1" 200 70 "http://localhost:3000/" "Mozilla/5.0 (Windows NT 10.0; Win64; x64) AppleWebKit/537.36 (KHTML, like Gecko) Chrome/91.0.4472.124 Safari/537.36"
::1 - - [13/Jul/2021:05:43:51 +0000] "GET /accounts?date=2021-07 HTTP/1.1" 200 177 "http://localhost:3000/" "Mozilla/5.0 (iPhone; CPU iPhone OS 13_2_3 like Mac OS X) AppleWebKit/605.1.15 (KHTML, like Gecko) Version/13.0.3 Mobile/15E148 Safari/604.1"
::1 - - [13/Jul/2021:05:43:55 +0000] "GET /category?type=outcome HTTP/1.1" 200 862 "http://localhost:3000/" "Mozilla/5.0 (iPhone; CPU iPhone OS 13_2_3 like Mac OS X) AppleWebKit/605.1.15 (KHTML, like Gecko) Version/13.0.3 Mobile/15E148 Safari/604.1"
::1 - - [13/Jul/2021:05:43:59 +0000] "GET /accounts?date=2021-07 HTTP/1.1" 200 177 "http://localhost:3000/" "Mozilla/5.0 (iPhone; CPU iPhone OS 13_2_3 like Mac OS X) AppleWebKit/605.1.15 (KHTML, like Gecko) Version/13.0.3 Mobile/15E148 Safari/604.1"
::1 - - [13/Jul/2021:05:44:00 +0000] "GET /accounts/charts?date=2021-07&type=outcome HTTP/1.1" 200 177 "http://localhost:3000/" "Mozilla/5.0 (iPhone; CPU iPhone OS 13_2_3 like Mac OS X) AppleWebKit/605.1.15 (KHTML, like Gecko) Version/13.0.3 Mobile/15E148 Safari/604.1"
::1 - - [13/Jul/2021:05:44:00 +0000] "GET /accounts/total?date=2021-07 HTTP/1.1" 200 70 "http://localhost:3000/" "Mozilla/5.0 (iPhone; CPU iPhone OS 13_2_3 like Mac OS X) AppleWebKit/605.1.15 (KHTML, like Gecko) Version/13.0.3 Mobile/15E148 Safari/604.1"
::1 - - [13/Jul/2021:05:44:52 +0000] "GET /accounts/charts?date=2021-07&type=outcome HTTP/1.1" 200 177 "http://localhost:3000/" "Mozilla/5.0 (iPhone; CPU iPhone OS 13_2_3 like Mac OS X) AppleWebKit/605.1.15 (KHTML, like Gecko) Version/13.0.3 Mobile/15E148 Safari/604.1"
::1 - - [13/Jul/2021:05:44:52 +0000] "GET /accounts/total?date=2021-07 HTTP/1.1" 200 70 "http://localhost:3000/" "Mozilla/5.0 (iPhone; CPU iPhone OS 13_2_3 like Mac OS X) AppleWebKit/605.1.15 (KHTML, like Gecko) Version/13.0.3 Mobile/15E148 Safari/604.1"
::1 - - [13/Jul/2021:05:49:38 +0000] "GET /accounts?date=2021-07 HTTP/1.1" 200 177 "http://localhost:3000/" "Mozilla/5.0 (iPhone; CPU iPhone OS 13_2_3 like Mac OS X) AppleWebKit/605.1.15 (KHTML, like Gecko) Version/13.0.3 Mobile/15E148 Safari/604.1"
::1 - - [13/Jul/2021:05:52:32 +0000] "GET /category?type=outcome HTTP/1.1" 200 862 "http://localhost:3000/" "Mozilla/5.0 (iPhone; CPU iPhone OS 13_2_3 like Mac OS X) AppleWebKit/605.1.15 (KHTML, like Gecko) Version/13.0.3 Mobile/15E148 Safari/604.1"
::1 - - [13/Jul/2021:05:52:34 +0000] "GET /category?type=outcome HTTP/1.1" 200 862 "http://localhost:3000/" "Mozilla/5.0 (iPhone; CPU iPhone OS 13_2_3 like Mac OS X) AppleWebKit/605.1.15 (KHTML, like Gecko) Version/13.0.3 Mobile/15E148 Safari/604.1"
::1 - - [13/Jul/2021:05:53:45 +0000] "GET /category?type=outcome HTTP/1.1" 200 862 "http://localhost:3000/" "Mozilla/5.0 (iPhone; CPU iPhone OS 13_2_3 like Mac OS X) AppleWebKit/605.1.15 (KHTML, like Gecko) Version/13.0.3 Mobile/15E148 Safari/604.1"
::1 - - [13/Jul/2021:05:55:08 +0000] "GET /category?type=outcome HTTP/1.1" 200 862 "http://localhost:3000/" "Mozilla/5.0 (iPhone; CPU iPhone OS 13_2_3 like Mac OS X) AppleWebKit/605.1.15 (KHTML, like Gecko) Version/13.0.3 Mobile/15E148 Safari/604.1"
::1 - - [13/Jul/2021:05:55:12 +0000] "GET /category?type=income HTTP/1.1" 200 610 "http://localhost:3000/" "Mozilla/5.0 (iPhone; CPU iPhone OS 13_2_3 like Mac OS X) AppleWebKit/605.1.15 (KHTML, like Gecko) Version/13.0.3 Mobile/15E148 Safari/604.1"
::1 - - [13/Jul/2021:05:55:13 +0000] "GET /category?type=outcome HTTP/1.1" 200 862 "http://localhost:3000/" "Mozilla/5.0 (iPhone; CPU iPhone OS 13_2_3 like Mac OS X) AppleWebKit/605.1.15 (KHTML, like Gecko) Version/13.0.3 Mobile/15E148 Safari/604.1"
::1 - - [13/Jul/2021:05:56:19 +0000] "GET /category?type=outcome HTTP/1.1" 200 862 "http://localhost:3000/" "Mozilla/5.0 (iPhone; CPU iPhone OS 13_2_3 like Mac OS X) AppleWebKit/605.1.15 (KHTML, like Gecko) Version/13.0.3 Mobile/15E148 Safari/604.1"
::1 - - [13/Jul/2021:05:56:23 +0000] "GET /accounts?date=2021-07 HTTP/1.1" 200 177 "http://localhost:3000/" "Mozilla/5.0 (iPhone; CPU iPhone OS 13_2_3 like Mac OS X) AppleWebKit/605.1.15 (KHTML, like Gecko) Version/13.0.3 Mobile/15E148 Safari/604.1"
::1 - - [13/Jul/2021:05:56:25 +0000] "GET /category?type=outcome HTTP/1.1" 200 862 "http://localhost:3000/" "Mozilla/5.0 (iPhone; CPU iPhone OS 13_2_3 like Mac OS X) AppleWebKit/605.1.15 (KHTML, like Gecko) Version/13.0.3 Mobile/15E148 Safari/604.1"
::1 - - [13/Jul/2021:05:56:39 +0000] "GET /accounts?date=2021-07 HTTP/1.1" 200 177 "http://localhost:3000/" "Mozilla/5.0 (iPhone; CPU iPhone OS 13_2_3 like Mac OS X) AppleWebKit/605.1.15 (KHTML, like Gecko) Version/13.0.3 Mobile/15E148 Safari/604.1"
::1 - - [13/Jul/2021:05:56:39 +0000] "GET /category?type=outcome HTTP/1.1" 200 862 "http://localhost:3000/" "Mozilla/5.0 (iPhone; CPU iPhone OS 13_2_3 like Mac OS X) AppleWebKit/605.1.15 (KHTML, like Gecko) Version/13.0.3 Mobile/15E148 Safari/604.1"
::1 - - [13/Jul/2021:05:56:58 +0000] "POST /accounts HTTP/1.1" 200 56 "http://localhost:3000/" "Mozilla/5.0 (iPhone; CPU iPhone OS 13_2_3 like Mac OS X) AppleWebKit/605.1.15 (KHTML, like Gecko) Version/13.0.3 Mobile/15E148 Safari/604.1"
::1 - - [13/Jul/2021:05:57:03 +0000] "GET /accounts?date=2021-07 HTTP/1.1" 200 318 "http://localhost:3000/" "Mozilla/5.0 (iPhone; CPU iPhone OS 13_2_3 like Mac OS X) AppleWebKit/605.1.15 (KHTML, like Gecko) Version/13.0.3 Mobile/15E148 Safari/604.1"
::1 - - [13/Jul/2021:05:57:09 +0000] "GET /category?type=outcome HTTP/1.1" 200 862 "http://localhost:3000/" "Mozilla/5.0 (iPhone; CPU iPhone OS 13_2_3 like Mac OS X) AppleWebKit/605.1.15 (KHTML, like Gecko) Version/13.0.3 Mobile/15E148 Safari/604.1"
::1 - - [13/Jul/2021:05:57:10 +0000] "GET /category?type=income HTTP/1.1" 200 610 "http://localhost:3000/" "Mozilla/5.0 (iPhone; CPU iPhone OS 13_2_3 like Mac OS X) AppleWebKit/605.1.15 (KHTML, like Gecko) Version/13.0.3 Mobile/15E148 Safari/604.1"
::1 - - [13/Jul/2021:05:57:24 +0000] "POST /accounts HTTP/1.1" 200 56 "http://localhost:3000/" "Mozilla/5.0 (iPhone; CPU iPhone OS 13_2_3 like Mac OS X) AppleWebKit/605.1.15 (KHTML, like Gecko) Version/13.0.3 Mobile/15E148 Safari/604.1"
::1 - - [13/Jul/2021:05:57:25 +0000] "GET /accounts?date=2021-07 HTTP/1.1" 200 455 "http://localhost:3000/" "Mozilla/5.0 (iPhone; CPU iPhone OS 13_2_3 like Mac OS X) AppleWebKit/605.1.15 (KHTML, like Gecko) Version/13.0.3 Mobile/15E148 Safari/604.1"
::1 - - [13/Jul/2021:05:57:29 +0000] "GET /accounts/charts?date=2021-07&type=outcome HTTP/1.1" 200 318 "http://localhost:3000/" "Mozilla/5.0 (iPhone; CPU iPhone OS 13_2_3 like Mac OS X) AppleWebKit/605.1.15 (KHTML, like Gecko) Version/13.0.3 Mobile/15E148 Safari/604.1"
::1 - - [13/Jul/2021:05:57:29 +0000] "GET /accounts/total?date=2021-07 HTTP/1.1" 200 102 "http://localhost:3000/" "Mozilla/5.0 (iPhone; CPU iPhone OS 13_2_3 like Mac OS X) AppleWebKit/605.1.15 (KHTML, like Gecko) Version/13.0.3 Mobile/15E148 Safari/604.1"
::1 - - [13/Jul/2021:05:57:32 +0000] "GET /accounts/charts?date=2021-07&type=income HTTP/1.1" 200 176 "http://localhost:3000/" "Mozilla/5.0 (iPhone; CPU iPhone OS 13_2_3 like Mac OS X) AppleWebKit/605.1.15 (KHTML, like Gecko) Version/13.0.3 Mobile/15E148 Safari/604.1"
::1 - - [13/Jul/2021:05:57:32 +0000] "GET /accounts/total?date=2021-07 HTTP/1.1" 200 102 "http://localhost:3000/" "Mozilla/5.0 (iPhone; CPU iPhone OS 13_2_3 like Mac OS X) AppleWebKit/605.1.15 (KHTML, like Gecko) Version/13.0.3 Mobile/15E148 Safari/604.1"
::1 - - [13/Jul/2021:05:57:36 +0000] "GET /accounts/charts?date=2021-07&type=outcome HTTP/1.1" 200 318 "http://localhost:3000/" "Mozilla/5.0 (iPhone; CPU iPhone OS 13_2_3 like Mac OS X) AppleWebKit/605.1.15 (KHTML, like Gecko) Version/13.0.3 Mobile/15E148 Safari/604.1"
::1 - - [13/Jul/2021:05:57:36 +0000] "GET /accounts/total?date=2021-07 HTTP/1.1" 200 102 "http://localhost:3000/" "Mozilla/5.0 (iPhone; CPU iPhone OS 13_2_3 like Mac OS X) AppleWebKit/605.1.15 (KHTML, like Gecko) Version/13.0.3 Mobile/15E148 Safari/604.1"
::1 - - [13/Jul/2021:05:57:37 +0000] "GET /category?type=outcome HTTP/1.1" 200 862 "http://localhost:3000/" "Mozilla/5.0 (iPhone; CPU iPhone OS 13_2_3 like Mac OS X) AppleWebKit/605.1.15 (KHTML, like Gecko) Version/13.0.3 Mobile/15E148 Safari/604.1"
::1 - - [13/Jul/2021:05:57:45 +0000] "GET /category?type=outcome HTTP/1.1" 200 862 "http://localhost:3000/" "Mozilla/5.0 (iPhone; CPU iPhone OS 13_2_3 like Mac OS X) AppleWebKit/605.1.15 (KHTML, like Gecko) Version/13.0.3 Mobile/15E148 Safari/604.1"
::1 - - [13/Jul/2021:05:57:55 +0000] "GET /icons HTTP/1.1" 200 329 "http://localhost:3000/" "Mozilla/5.0 (iPhone; CPU iPhone OS 13_2_3 like Mac OS X) AppleWebKit/605.1.15 (KHTML, like Gecko) Version/13.0.3 Mobile/15E148 Safari/604.1"
::1 - - [13/Jul/2021:05:58:01 +0000] "POST /category HTTP/1.1" 200 56 "http://localhost:3000/" "Mozilla/5.0 (iPhone; CPU iPhone OS 13_2_3 like Mac OS X) AppleWebKit/605.1.15 (KHTML, like Gecko) Version/13.0.3 Mobile/15E148 Safari/604.1"
::1 - - [13/Jul/2021:05:58:01 +0000] "GET /category?type=outcome HTTP/1.1" 200 925 "http://localhost:3000/" "Mozilla/5.0 (iPhone; CPU iPhone OS 13_2_3 like Mac OS X) AppleWebKit/605.1.15 (KHTML, like Gecko) Version/13.0.3 Mobile/15E148 Safari/604.1"
::1 - - [13/Jul/2021:06:02:08 +0000] "GET /category?type=outcome HTTP/1.1" 200 925 "http://localhost:3000/" "Mozilla/5.0 (iPhone; CPU iPhone OS 13_2_3 like Mac OS X) AppleWebKit/605.1.15 (KHTML, like Gecko) Version/13.0.3 Mobile/15E148 Safari/604.1"
::1 - - [13/Jul/2021:06:02:16 +0000] "DELETE /category/26?type=outcome HTTP/1.1" 200 47 "http://localhost:3000/" "Mozilla/5.0 (iPhone; CPU iPhone OS 13_2_3 like Mac OS X) AppleWebKit/605.1.15 (KHTML, like Gecko) Version/13.0.3 Mobile/15E148 Safari/604.1"
::1 - - [13/Jul/2021:06:02:16 +0000] "GET /category?type=outcome HTTP/1.1" 200 862 "http://localhost:3000/" "Mozilla/5.0 (iPhone; CPU iPhone OS 13_2_3 like Mac OS X) AppleWebKit/605.1.15 (KHTML, like Gecko) Version/13.0.3 Mobile/15E148 Safari/604.1"
::1 - - [13/Jul/2021:06:02:19 +0000] "GET /category?type=income HTTP/1.1" 200 610 "http://localhost:3000/" "Mozilla/5.0 (iPhone; CPU iPhone OS 13_2_3 like Mac OS X) AppleWebKit/605.1.15 (KHTML, like Gecko) Version/13.0.3 Mobile/15E148 Safari/604.1"
::1 - - [13/Jul/2021:06:02:22 +0000] "GET /icons HTTP/1.1" 200 329 "http://localhost:3000/" "Mozilla/5.0 (iPhone; CPU iPhone OS 13_2_3 like Mac OS X) AppleWebKit/605.1.15 (KHTML, like Gecko) Version/13.0.3 Mobile/15E148 Safari/604.1"
::1 - - [13/Jul/2021:06:02:37 +0000] "GET /accounts?date=2021-07 HTTP/1.1" 200 455 "http://localhost:3000/" "Mozilla/5.0 (iPhone; CPU iPhone OS 13_2_3 like Mac OS X) AppleWebKit/605.1.15 (KHTML, like Gecko) Version/13.0.3 Mobile/15E148 Safari/604.1"
::1 - - [13/Jul/2021:06:02:41 +0000] "GET /accounts/charts?date=2021-07&type=outcome HTTP/1.1" 200 318 "http://localhost:3000/" "Mozilla/5.0 (iPhone; CPU iPhone OS 13_2_3 like Mac OS X) AppleWebKit/605.1.15 (KHTML, like Gecko) Version/13.0.3 Mobile/15E148 Safari/604.1"
::1 - - [13/Jul/2021:06:02:41 +0000] "GET /accounts/total?date=2021-07 HTTP/1.1" 200 102 "http://localhost:3000/" "Mozilla/5.0 (iPhone; CPU iPhone OS 13_2_3 like Mac OS X) AppleWebKit/605.1.15 (KHTML, like Gecko) Version/13.0.3 Mobile/15E148 Safari/604.1"
::1 - - [13/Jul/2021:06:02:42 +0000] "GET /category?type=outcome HTTP/1.1" 200 862 "http://localhost:3000/" "Mozilla/5.0 (iPhone; CPU iPhone OS 13_2_3 like Mac OS X) AppleWebKit/605.1.15 (KHTML, like Gecko) Version/13.0.3 Mobile/15E148 Safari/604.1"
::1 - - [13/Jul/2021:06:07:59 +0000] "GET /accounts?date=2021-07 HTTP/1.1" 200 455 "http://localhost:3000/" "Mozilla/5.0 (iPhone; CPU iPhone OS 13_2_3 like Mac OS X) AppleWebKit/605.1.15 (KHTML, like Gecko) Version/13.0.3 Mobile/15E148 Safari/604.1"
::1 - - [13/Jul/2021:06:08:01 +0000] "GET /category?type=outcome HTTP/1.1" 200 862 "http://localhost:3000/" "Mozilla/5.0 (iPhone; CPU iPhone OS 13_2_3 like Mac OS X) AppleWebKit/605.1.15 (KHTML, like Gecko) Version/13.0.3 Mobile/15E148 Safari/604.1"
::1 - - [13/Jul/2021:06:08:06 +0000] "POST /accounts HTTP/1.1" 200 56 "http://localhost:3000/" "Mozilla/5.0 (iPhone; CPU iPhone OS 13_2_3 like Mac OS X) AppleWebKit/605.1.15 (KHTML, like Gecko) Version/13.0.3 Mobile/15E148 Safari/604.1"
::1 - - [13/Jul/2021:06:08:08 +0000] "GET /accounts?date=2021-07 HTTP/1.1" 200 583 "http://localhost:3000/" "Mozilla/5.0 (iPhone; CPU iPhone OS 13_2_3 like Mac OS X) AppleWebKit/605.1.15 (KHTML, like Gecko) Version/13.0.3 Mobile/15E148 Safari/604.1"
::1 - - [13/Jul/2021:06:09:27 +0000] "GET /accounts?date=2021-07 HTTP/1.1" 200 583 "http://localhost:3000/" "Mozilla/5.0 (iPhone; CPU iPhone OS 13_2_3 like Mac OS X) AppleWebKit/605.1.15 (KHTML, like Gecko) Version/13.0.3 Mobile/15E148 Safari/604.1"
::1 - - [13/Jul/2021:06:11:15 +0000] "GET /accounts?date=2021-07 HTTP/1.1" 200 583 "http://localhost:3000/" "Mozilla/5.0 (iPhone; CPU iPhone OS 13_2_3 like Mac OS X) AppleWebKit/605.1.15 (KHTML, like Gecko) Version/13.0.3 Mobile/15E148 Safari/604.1"
::1 - - [13/Jul/2021:06:11:19 +0000] "DELETE /accounts/undefined HTTP/1.1" 200 47 "http://localhost:3000/" "Mozilla/5.0 (iPhone; CPU iPhone OS 13_2_3 like Mac OS X) AppleWebKit/605.1.15 (KHTML, like Gecko) Version/13.0.3 Mobile/15E148 Safari/604.1"
::1 - - [13/Jul/2021:06:11:19 +0000] "GET /accounts?date=2021-07 HTTP/1.1" 200 583 "http://localhost:3000/" "Mozilla/5.0 (iPhone; CPU iPhone OS 13_2_3 like Mac OS X) AppleWebKit/605.1.15 (KHTML, like Gecko) Version/13.0.3 Mobile/15E148 Safari/604.1"
::1 - - [13/Jul/2021:06:12:15 +0000] "GET /accounts?date=2021-07 HTTP/1.1" 200 583 "http://localhost:3000/" "Mozilla/5.0 (iPhone; CPU iPhone OS 13_2_3 like Mac OS X) AppleWebKit/605.1.15 (KHTML, like Gecko) Version/13.0.3 Mobile/15E148 Safari/604.1"
::1 - - [13/Jul/2021:06:12:21 +0000] "DELETE /accounts/6 HTTP/1.1" 200 47 "http://localhost:3000/" "Mozilla/5.0 (iPhone; CPU iPhone OS 13_2_3 like Mac OS X) AppleWebKit/605.1.15 (KHTML, like Gecko) Version/13.0.3 Mobile/15E148 Safari/604.1"
::1 - - [13/Jul/2021:06:12:21 +0000] "GET /accounts?date=2021-07 HTTP/1.1" 200 455 "http://localhost:3000/" "Mozilla/5.0 (iPhone; CPU iPhone OS 13_2_3 like Mac OS X) AppleWebKit/605.1.15 (KHTML, like Gecko) Version/13.0.3 Mobile/15E148 Safari/604.1"
::1 - - [13/Jul/2021:06:15:42 +0000] "POST /user/login HTTP/1.1" 200 376 "http://localhost:3000/" "Mozilla/5.0 (iPhone; CPU iPhone OS 13_2_3 like Mac OS X) AppleWebKit/605.1.15 (KHTML, like Gecko) Version/13.0.3 Mobile/15E148 Safari/604.1"
::1 - - [13/Jul/2021:06:17:09 +0000] "POST /user/login HTTP/1.1" 200 376 "http://localhost:3000/" "Mozilla/5.0 (iPhone; CPU iPhone OS 13_2_3 like Mac OS X) AppleWebKit/605.1.15 (KHTML, like Gecko) Version/13.0.3 Mobile/15E148 Safari/604.1"
::1 - - [13/Jul/2021:06:17:09 +0000] "GET /category?type=outcome HTTP/1.1" 200 862 "http://localhost:3000/" "Mozilla/5.0 (iPhone; CPU iPhone OS 13_2_3 like Mac OS X) AppleWebKit/605.1.15 (KHTML, like Gecko) Version/13.0.3 Mobile/15E148 Safari/604.1"
::1 - - [13/Jul/2021:06:17:13 +0000] "GET /accounts?date=2021-07 HTTP/1.1" 200 312 "http://localhost:3000/" "Mozilla/5.0 (iPhone; CPU iPhone OS 13_2_3 like Mac OS X) AppleWebKit/605.1.15 (KHTML, like Gecko) Version/13.0.3 Mobile/15E148 Safari/604.1"
::1 - - [13/Jul/2021:06:17:14 +0000] "GET /accounts/charts?date=2021-07&type=outcome HTTP/1.1" 200 173 "http://localhost:3000/" "Mozilla/5.0 (iPhone; CPU iPhone OS 13_2_3 like Mac OS X) AppleWebKit/605.1.15 (KHTML, like Gecko) Version/13.0.3 Mobile/15E148 Safari/604.1"
::1 - - [13/Jul/2021:06:17:14 +0000] "GET /accounts/total?date=2021-07 HTTP/1.1" 200 102 "http://localhost:3000/" "Mozilla/5.0 (iPhone; CPU iPhone OS 13_2_3 like Mac OS X) AppleWebKit/605.1.15 (KHTML, like Gecko) Version/13.0.3 Mobile/15E148 Safari/604.1"
::1 - - [13/Jul/2021:06:17:16 +0000] "GET /accounts/charts?date=2021-07&type=income HTTP/1.1" 200 178 "http://localhost:3000/" "Mozilla/5.0 (iPhone; CPU iPhone OS 13_2_3 like Mac OS X) AppleWebKit/605.1.15 (KHTML, like Gecko) Version/13.0.3 Mobile/15E148 Safari/604.1"
::1 - - [13/Jul/2021:06:17:16 +0000] "GET /accounts/total?date=2021-07 HTTP/1.1" 200 102 "http://localhost:3000/" "Mozilla/5.0 (iPhone; CPU iPhone OS 13_2_3 like Mac OS X) AppleWebKit/605.1.15 (KHTML, like Gecko) Version/13.0.3 Mobile/15E148 Safari/604.1"
::1 - - [13/Jul/2021:06:17:17 +0000] "GET /accounts/charts?date=2021-07&type=outcome HTTP/1.1" 200 173 "http://localhost:3000/" "Mozilla/5.0 (iPhone; CPU iPhone OS 13_2_3 like Mac OS X) AppleWebKit/605.1.15 (KHTML, like Gecko) Version/13.0.3 Mobile/15E148 Safari/604.1"
::1 - - [13/Jul/2021:06:17:17 +0000] "GET /accounts/total?date=2021-07 HTTP/1.1" 200 102 "http://localhost:3000/" "Mozilla/5.0 (iPhone; CPU iPhone OS 13_2_3 like Mac OS X) AppleWebKit/605.1.15 (KHTML, like Gecko) Version/13.0.3 Mobile/15E148 Safari/604.1"
::1 - - [13/Jul/2021:06:17:18 +0000] "GET /category?type=outcome HTTP/1.1" 200 862 "http://localhost:3000/" "Mozilla/5.0 (iPhone; CPU iPhone OS 13_2_3 like Mac OS X) AppleWebKit/605.1.15 (KHTML, like Gecko) Version/13.0.3 Mobile/15E148 Safari/604.1"
::1 - - [13/Jul/2021:06:17:23 +0000] "GET /category?type=income HTTP/1.1" 200 610 "http://localhost:3000/" "Mozilla/5.0 (iPhone; CPU iPhone OS 13_2_3 like Mac OS X) AppleWebKit/605.1.15 (KHTML, like Gecko) Version/13.0.3 Mobile/15E148 Safari/604.1"
::1 - - [13/Jul/2021:06:17:25 +0000] "GET /accounts?date=2021-07 HTTP/1.1" 200 312 "http://localhost:3000/" "Mozilla/5.0 (iPhone; CPU iPhone OS 13_2_3 like Mac OS X) AppleWebKit/605.1.15 (KHTML, like Gecko) Version/13.0.3 Mobile/15E148 Safari/604.1"
